#
# There is insufficient memory for the Java Runtime Environment to continue.
# Native memory allocation (malloc) failed to allocate 1318896 bytes for Chunk::new
# Possible reasons:
#   The system is out of physical RAM or swap space
#   The process is running with CompressedOops enabled, and the Java Heap may be blocking the growth of the native heap
# Possible solutions:
#   Reduce memory load on the system
#   Increase physical memory or swap space
#   Check if swap backing store is full
#   Decrease Java heap size (-Xmx/-Xms)
#   Decrease number of Java threads
#   Decrease Java thread stack sizes (-Xss)
#   Set larger code cache with -XX:ReservedCodeCacheSize=
#   JVM is running with Unscaled Compressed Oops mode in which the Java heap is
#     placed in the first 4GB address space. The Java Heap base address is the
#     maximum limit for the native heap growth. Please use -XX:HeapBaseMinAddress
#     to set the Java Heap base and to place the Java Heap above 4GB virtual address.
# This output file may be truncated or incomplete.
#
#  Out of Memory Error (arena.cpp:195), pid=13904, tid=11048
#
# JRE version: Java(TM) SE Runtime Environment (16.0.1+9) (build 16.0.1+9-24)
# Java VM: Java HotSpot(TM) 64-Bit Server VM (16.0.1+9-24, mixed mode, sharing, tiered, compressed oops, compressed class ptrs, g1 gc, windows-amd64)
# No core dump will be written. Minidumps are not enabled by default on client versions of Windows
#

---------------  S U M M A R Y ------------

Command Line: --add-opens=java.base/java.util=ALL-UNNAMED --add-opens=java.base/java.lang=ALL-UNNAMED --add-opens=java.base/java.lang.invoke=ALL-UNNAMED --add-opens=java.prefs/java.util.prefs=ALL-UNNAMED -XX:MaxMetaspaceSize=256m -XX:+HeapDumpOnOutOfMemoryError -Xms256m -Xmx512m -Dfile.encoding=windows-1254 -Duser.country=TR -Duser.language=tr -Duser.variant org.gradle.launcher.daemon.bootstrap.GradleDaemon 6.9

Host: Intel(R) Core(TM) i7-9750H CPU @ 2.60GHz, 12 cores, 15G,  Windows 10 , 64 bit Build 22489 (10.0.22489.1000)
Time: Sun Nov 21 12:24:33 2021 Türkiye Standart Saati elapsed time: 124.819243 seconds (0d 0h 2m 4s)

---------------  T H R E A D  ---------------

Current thread (0x0000014e796c9330):  JavaThread "C2 CompilerThread0" daemon [_thread_in_native, id=11048, stack(0x000000278d400000,0x000000278d500000)]


Current CompileTask:
C2: 124819 2622  s!   4       jdk.internal.loader.URLClassPath::getLoader (194 bytes)

Stack: [0x000000278d400000,0x000000278d500000]
Native frames: (J=compiled Java code, j=interpreted, Vv=VM code, C=native code)
V  [jvm.dll+0x6687ca]
V  [jvm.dll+0x7ca3c9]
V  [jvm.dll+0x7cbb53]
V  [jvm.dll+0x7cc1b3]
V  [jvm.dll+0x242ea5]
V  [jvm.dll+0xadeca]
V  [jvm.dll+0xae5ac]
V  [jvm.dll+0x35aed2]
V  [jvm.dll+0x3253d1]
V  [jvm.dll+0x32487a]
V  [jvm.dll+0x215f3c]
V  [jvm.dll+0x215350]
V  [jvm.dll+0x1a1d9b]
V  [jvm.dll+0x2253a8]
V  [jvm.dll+0x2233ec]
V  [jvm.dll+0x780002]
V  [jvm.dll+0x779b4a]
V  [jvm.dll+0x667666]
C  [ucrtbase.dll+0x293cc]
C  [KERNEL32.DLL+0x16ab0]
C  [ntdll.dll+0x51dbb]


---------------  P R O C E S S  ---------------

Threads class SMR info:
_java_thread_list=0x0000014e7dd8ef00, length=30, elements={
0x0000014e5cb7ba10, 0x0000014e796b3aa0, 0x0000014e796b4960, 0x0000014e796c6ad0,
0x0000014e796c73e0, 0x0000014e796c7cf0, 0x0000014e796c86f0, 0x0000014e796c9330,
0x0000014e796c9e20, 0x0000014e796d8900, 0x0000014e7a1f8380, 0x0000014e7a1f8cb0,
0x0000014e7aaaaf70, 0x0000014e7b5a8560, 0x0000014e7aec1720, 0x0000014e7aacf620,
0x0000014e7ad28c20, 0x0000014e7a3487f0, 0x0000014e7a386b60, 0x0000014e7a384630,
0x0000014e7a3850d0, 0x0000014e7a385620, 0x0000014e7a3870b0, 0x0000014e7a3840e0,
0x0000014e7a385b70, 0x0000014e7a384b80, 0x0000014e7a3860c0, 0x0000014e7a386610,
0x0000014e7a383b90, 0x0000014e7bc4c420
}

Java Threads: ( => current thread )
  0x0000014e5cb7ba10 JavaThread "main" [_thread_blocked, id=15304, stack(0x000000278c700000,0x000000278c800000)]
  0x0000014e796b3aa0 JavaThread "Reference Handler" daemon [_thread_blocked, id=7916, stack(0x000000278ce00000,0x000000278cf00000)]
  0x0000014e796b4960 JavaThread "Finalizer" daemon [_thread_blocked, id=11736, stack(0x000000278cf00000,0x000000278d000000)]
  0x0000014e796c6ad0 JavaThread "Signal Dispatcher" daemon [_thread_blocked, id=9516, stack(0x000000278d000000,0x000000278d100000)]
  0x0000014e796c73e0 JavaThread "Attach Listener" daemon [_thread_blocked, id=10256, stack(0x000000278d100000,0x000000278d200000)]
  0x0000014e796c7cf0 JavaThread "Service Thread" daemon [_thread_blocked, id=16364, stack(0x000000278d200000,0x000000278d300000)]
  0x0000014e796c86f0 JavaThread "Monitor Deflation Thread" daemon [_thread_blocked, id=7500, stack(0x000000278d300000,0x000000278d400000)]
=>0x0000014e796c9330 JavaThread "C2 CompilerThread0" daemon [_thread_in_native, id=11048, stack(0x000000278d400000,0x000000278d500000)]
  0x0000014e796c9e20 JavaThread "C1 CompilerThread0" daemon [_thread_blocked, id=10856, stack(0x000000278d500000,0x000000278d600000)]
  0x0000014e796d8900 JavaThread "Sweeper thread" daemon [_thread_blocked, id=16000, stack(0x000000278d600000,0x000000278d700000)]
  0x0000014e7a1f8380 JavaThread "Common-Cleaner" daemon [_thread_blocked, id=17896, stack(0x000000278d700000,0x000000278d800000)]
  0x0000014e7a1f8cb0 JavaThread "Notification Thread" daemon [_thread_blocked, id=15364, stack(0x000000278d800000,0x000000278d900000)]
  0x0000014e7aaaaf70 JavaThread "Daemon health stats" [_thread_blocked, id=14340, stack(0x000000278c400000,0x000000278c500000)]
  0x0000014e7b5a8560 JavaThread "Incoming local TCP Connector on port 63702" [_thread_in_native, id=12676, stack(0x000000278c600000,0x000000278c700000)]
  0x0000014e7aec1720 JavaThread "Daemon periodic checks" [_thread_blocked, id=1512, stack(0x000000278df00000,0x000000278e000000)]
  0x0000014e7aacf620 JavaThread "Daemon" [_thread_blocked, id=13788, stack(0x000000278e200000,0x000000278e300000)]
  0x0000014e7ad28c20 JavaThread "Handler for socket connection from /127.0.0.1:63702 to /127.0.0.1:63705" [_thread_in_native, id=17332, stack(0x000000278e300000,0x000000278e400000)]
  0x0000014e7a3487f0 JavaThread "Cancel handler" [_thread_blocked, id=9460, stack(0x000000278e400000,0x000000278e500000)]
  0x0000014e7a386b60 JavaThread "Daemon worker" [_thread_in_vm, id=8432, stack(0x000000278e500000,0x000000278e600000)]
  0x0000014e7a384630 JavaThread "Asynchronous log dispatcher for DefaultDaemonConnection: socket connection from /127.0.0.1:63702 to /127.0.0.1:63705" [_thread_blocked, id=14868, stack(0x000000278e600000,0x000000278e700000)]
  0x0000014e7a3850d0 JavaThread "Stdin handler" [_thread_blocked, id=17272, stack(0x000000278e700000,0x000000278e800000)]
  0x0000014e7a385620 JavaThread "Daemon client event forwarder" [_thread_blocked, id=12300, stack(0x000000278e800000,0x000000278e900000)]
  0x0000014e7a3870b0 JavaThread "Cache worker for file hash cache (C:\Users\60mts\.gradle\caches\6.9\fileHashes)" [_thread_blocked, id=17844, stack(0x000000278e900000,0x000000278ea00000)]
  0x0000014e7a3840e0 JavaThread "File lock request listener" [_thread_in_native, id=17740, stack(0x000000278ea00000,0x000000278eb00000)]
  0x0000014e7a385b70 JavaThread "Cache worker for journal cache (C:\Users\60mts\.gradle\caches\journal-1)" [_thread_blocked, id=10024, stack(0x000000278eb00000,0x000000278ec00000)]
  0x0000014e7a384b80 JavaThread "Cache worker for file hash cache (C:\Users\60mts\ornekproje\android\.gradle\6.9\fileHashes)" [_thread_blocked, id=10160, stack(0x000000278ee00000,0x000000278ef00000)]
  0x0000014e7a3860c0 JavaThread "Cache worker for checksums cache (C:\Users\60mts\ornekproje\android\.gradle\checksums)" [_thread_blocked, id=16324, stack(0x000000278c500000,0x000000278c600000)]
  0x0000014e7a386610 JavaThread "Cache worker for cache directory md-supplier (C:\Users\60mts\.gradle\caches\6.9\md-supplier)" [_thread_blocked, id=4416, stack(0x000000278e000000,0x000000278e100000)]
  0x0000014e7a383b90 JavaThread "Cache worker for cache directory md-rule (C:\Users\60mts\.gradle\caches\6.9\md-rule)" [_thread_blocked, id=12704, stack(0x000000278e100000,0x000000278e200000)]
  0x0000014e7bc4c420 JavaThread "Cache worker for execution history cache (C:\Users\60mts\.gradle\caches\6.9\executionHistory)" [_thread_blocked, id=10796, stack(0x000000278ef00000,0x000000278f000000)]

Other Threads:
  0x0000014e796ab9f0 VMThread "VM Thread" [stack: 0x000000278cd00000,0x000000278ce00000] [id=1416]
  0x0000014e7a204200 WatcherThread [stack: 0x000000278d900000,0x000000278da00000] [id=3108]
  0x0000014e5cba3200 GCTaskThread "GC Thread#0" [stack: 0x000000278c800000,0x000000278c900000] [id=10656]
  0x0000014e7aa6f380 GCTaskThread "GC Thread#1" [stack: 0x000000278da00000,0x000000278db00000] [id=1488]
  0x0000014e7a38d890 GCTaskThread "GC Thread#2" [stack: 0x000000278db00000,0x000000278dc00000] [id=7664]
  0x0000014e7aab24b0 GCTaskThread "GC Thread#3" [stack: 0x000000278dc00000,0x000000278dd00000] [id=15256]
  0x0000014e7aa21cd0 GCTaskThread "GC Thread#4" [stack: 0x000000278dd00000,0x000000278de00000] [id=6724]
  0x0000014e7aa223e0 GCTaskThread "GC Thread#5" [stack: 0x000000278de00000,0x000000278df00000] [id=15024]
  0x0000014e7b868200 GCTaskThread "GC Thread#6" [stack: 0x000000278f000000,0x000000278f100000] [id=17928]
  0x0000014e7dd5dd90 GCTaskThread "GC Thread#7" [stack: 0x000000278f100000,0x000000278f200000] [id=13236]
  0x0000014e7dd5e0a0 GCTaskThread "GC Thread#8" [stack: 0x000000278f200000,0x000000278f300000] [id=16988]
  0x0000014e7dd5e3b0 GCTaskThread "GC Thread#9" [stack: 0x000000278f300000,0x000000278f400000] [id=12724]
  0x0000014e5cba9250 ConcurrentGCThread "G1 Main Marker" [stack: 0x000000278c900000,0x000000278ca00000] [id=5696]
  0x0000014e5cba9cc0 ConcurrentGCThread "G1 Conc#0" [stack: 0x000000278ca00000,0x000000278cb00000] [id=3184]
  0x0000014e7ce19080 ConcurrentGCThread "G1 Conc#1" [stack: 0x000000278f400000,0x000000278f500000] [id=6376]
  0x0000014e7ce1ac10 ConcurrentGCThread "G1 Conc#2" [stack: 0x000000278f500000,0x000000278f600000] [id=18332]
  0x0000014e5cc3e280 ConcurrentGCThread "G1 Refine#0" [stack: 0x000000278cb00000,0x000000278cc00000] [id=17088]
  0x0000014e79562120 ConcurrentGCThread "G1 Service" [stack: 0x000000278cc00000,0x000000278cd00000] [id=16560]

Threads with active compile tasks:
C2 CompilerThread0   125027 2622  s!   4       jdk.internal.loader.URLClassPath::getLoader (194 bytes)

VM state: not at safepoint (normal execution)

VM Mutex/Monitor currently owned by a thread: None

Heap address: 0x00000000e0000000, size: 512 MB, Compressed Oops mode: 32-bit

CDS archive(s) mapped at: [0x0000000800000000-0x0000000800bb0000-0x0000000800bb0000), size 12255232, SharedBaseAddress: 0x0000000800000000, ArchiveRelocationMode: 0.
Compressed class space mapped at: 0x0000000800c00000-0x000000080dc00000, reserved size: 218103808
Narrow klass base: 0x0000000800000000, Narrow klass shift: 3, Narrow klass range: 0x100000000

GC Precious Log:
 CPUs: 12 total, 12 available
 Memory: 16221M
 Large Page Support: Disabled
 NUMA Support: Disabled
 Compressed Oops: Enabled (32-bit)
 Heap Region Size: 1M
 Heap Min Capacity: 256M
 Heap Initial Capacity: 256M
 Heap Max Capacity: 512M
 Pre-touch: Disabled
 Parallel Workers: 10
 Concurrent Workers: 3
 Concurrent Refinement Workers: 10
 Periodic GC: Disabled

Heap:
 garbage-first heap   total 262144K, used 26959K [0x00000000e0000000, 0x0000000100000000)
  region size 1024K, 19 young (19456K), 11 survivors (11264K)
 Metaspace       used 22610K, committed 22912K, reserved 237568K
  class space    used 3263K, committed 3392K, reserved 212992K

Heap Regions: E=young(eden), S=young(survivor), O=old, HS=humongous(starts), HC=humongous(continues), CS=collection set, F=free, OA=open archive, CA=closed archive, TAMS=top-at-mark-start (previous, next)
|   0|0x00000000e0000000, 0x00000000e0100000, 0x00000000e0100000|100%| O|  |TAMS 0x00000000e0100000, 0x00000000e0000000| Untracked 
|   1|0x00000000e0100000, 0x00000000e0200000, 0x00000000e0200000|100%| O|  |TAMS 0x00000000e0200000, 0x00000000e0100000| Untracked 
|   2|0x00000000e0200000, 0x00000000e02e3000, 0x00000000e0300000| 88%| O|  |TAMS 0x00000000e02e3000, 0x00000000e0200000| Untracked 
|   3|0x00000000e0300000, 0x00000000e0400000, 0x00000000e0400000|100%|HS|  |TAMS 0x00000000e0400000, 0x00000000e0300000| Complete 
|   4|0x00000000e0400000, 0x00000000e0500000, 0x00000000e0500000|100%|HC|  |TAMS 0x00000000e0500000, 0x00000000e0400000| Complete 
|   5|0x00000000e0500000, 0x00000000e0600000, 0x00000000e0600000|100%|HC|  |TAMS 0x00000000e0600000, 0x00000000e0500000| Complete 
|   6|0x00000000e0600000, 0x00000000e0700000, 0x00000000e0700000|100%| O|  |TAMS 0x00000000e0700000, 0x00000000e0600000| Untracked 
|   7|0x00000000e0700000, 0x00000000e0800000, 0x00000000e0800000|100%| O|  |TAMS 0x00000000e0800000, 0x00000000e0700000| Untracked 
|   8|0x00000000e0800000, 0x00000000e0900000, 0x00000000e0900000|100%| O|  |TAMS 0x00000000e0900000, 0x00000000e0800000| Untracked 
|   9|0x00000000e0900000, 0x00000000e0900000, 0x00000000e0a00000|  0%| F|  |TAMS 0x00000000e0900000, 0x00000000e0900000| Untracked 
|  10|0x00000000e0a00000, 0x00000000e0a00000, 0x00000000e0b00000|  0%| F|  |TAMS 0x00000000e0a00000, 0x00000000e0a00000| Untracked 
|  11|0x00000000e0b00000, 0x00000000e0b00000, 0x00000000e0c00000|  0%| F|  |TAMS 0x00000000e0b00000, 0x00000000e0b00000| Untracked 
|  12|0x00000000e0c00000, 0x00000000e0c00000, 0x00000000e0d00000|  0%| F|  |TAMS 0x00000000e0c00000, 0x00000000e0c00000| Untracked 
|  13|0x00000000e0d00000, 0x00000000e0d00000, 0x00000000e0e00000|  0%| F|  |TAMS 0x00000000e0d00000, 0x00000000e0d00000| Untracked 
|  14|0x00000000e0e00000, 0x00000000e0e00000, 0x00000000e0f00000|  0%| F|  |TAMS 0x00000000e0e00000, 0x00000000e0e00000| Untracked 
|  15|0x00000000e0f00000, 0x00000000e0f00000, 0x00000000e1000000|  0%| F|  |TAMS 0x00000000e0f00000, 0x00000000e0f00000| Untracked 
|  16|0x00000000e1000000, 0x00000000e1000000, 0x00000000e1100000|  0%| F|  |TAMS 0x00000000e1000000, 0x00000000e1000000| Untracked 
|  17|0x00000000e1100000, 0x00000000e1100000, 0x00000000e1200000|  0%| F|  |TAMS 0x00000000e1100000, 0x00000000e1100000| Untracked 
|  18|0x00000000e1200000, 0x00000000e1200000, 0x00000000e1300000|  0%| F|  |TAMS 0x00000000e1200000, 0x00000000e1200000| Untracked 
|  19|0x00000000e1300000, 0x00000000e1300000, 0x00000000e1400000|  0%| F|  |TAMS 0x00000000e1300000, 0x00000000e1300000| Untracked 
|  20|0x00000000e1400000, 0x00000000e1400000, 0x00000000e1500000|  0%| F|  |TAMS 0x00000000e1400000, 0x00000000e1400000| Untracked 
|  21|0x00000000e1500000, 0x00000000e1500000, 0x00000000e1600000|  0%| F|  |TAMS 0x00000000e1500000, 0x00000000e1500000| Untracked 
|  22|0x00000000e1600000, 0x00000000e1600000, 0x00000000e1700000|  0%| F|  |TAMS 0x00000000e1600000, 0x00000000e1600000| Untracked 
|  23|0x00000000e1700000, 0x00000000e1700000, 0x00000000e1800000|  0%| F|  |TAMS 0x00000000e1700000, 0x00000000e1700000| Untracked 
|  24|0x00000000e1800000, 0x00000000e1800000, 0x00000000e1900000|  0%| F|  |TAMS 0x00000000e1800000, 0x00000000e1800000| Untracked 
|  25|0x00000000e1900000, 0x00000000e1900000, 0x00000000e1a00000|  0%| F|  |TAMS 0x00000000e1900000, 0x00000000e1900000| Untracked 
|  26|0x00000000e1a00000, 0x00000000e1a00000, 0x00000000e1b00000|  0%| F|  |TAMS 0x00000000e1a00000, 0x00000000e1a00000| Untracked 
|  27|0x00000000e1b00000, 0x00000000e1b00000, 0x00000000e1c00000|  0%| F|  |TAMS 0x00000000e1b00000, 0x00000000e1b00000| Untracked 
|  28|0x00000000e1c00000, 0x00000000e1c00000, 0x00000000e1d00000|  0%| F|  |TAMS 0x00000000e1c00000, 0x00000000e1c00000| Untracked 
|  29|0x00000000e1d00000, 0x00000000e1d00000, 0x00000000e1e00000|  0%| F|  |TAMS 0x00000000e1d00000, 0x00000000e1d00000| Untracked 
|  30|0x00000000e1e00000, 0x00000000e1e00000, 0x00000000e1f00000|  0%| F|  |TAMS 0x00000000e1e00000, 0x00000000e1e00000| Untracked 
|  31|0x00000000e1f00000, 0x00000000e1f00000, 0x00000000e2000000|  0%| F|  |TAMS 0x00000000e1f00000, 0x00000000e1f00000| Untracked 
|  32|0x00000000e2000000, 0x00000000e2000000, 0x00000000e2100000|  0%| F|  |TAMS 0x00000000e2000000, 0x00000000e2000000| Untracked 
|  33|0x00000000e2100000, 0x00000000e2100000, 0x00000000e2200000|  0%| F|  |TAMS 0x00000000e2100000, 0x00000000e2100000| Untracked 
|  34|0x00000000e2200000, 0x00000000e2200000, 0x00000000e2300000|  0%| F|  |TAMS 0x00000000e2200000, 0x00000000e2200000| Untracked 
|  35|0x00000000e2300000, 0x00000000e2300000, 0x00000000e2400000|  0%| F|  |TAMS 0x00000000e2300000, 0x00000000e2300000| Untracked 
|  36|0x00000000e2400000, 0x00000000e2400000, 0x00000000e2500000|  0%| F|  |TAMS 0x00000000e2400000, 0x00000000e2400000| Untracked 
|  37|0x00000000e2500000, 0x00000000e2500000, 0x00000000e2600000|  0%| F|  |TAMS 0x00000000e2500000, 0x00000000e2500000| Untracked 
|  38|0x00000000e2600000, 0x00000000e2600000, 0x00000000e2700000|  0%| F|  |TAMS 0x00000000e2600000, 0x00000000e2600000| Untracked 
|  39|0x00000000e2700000, 0x00000000e2700000, 0x00000000e2800000|  0%| F|  |TAMS 0x00000000e2700000, 0x00000000e2700000| Untracked 
|  40|0x00000000e2800000, 0x00000000e2800000, 0x00000000e2900000|  0%| F|  |TAMS 0x00000000e2800000, 0x00000000e2800000| Untracked 
|  41|0x00000000e2900000, 0x00000000e2900000, 0x00000000e2a00000|  0%| F|  |TAMS 0x00000000e2900000, 0x00000000e2900000| Untracked 
|  42|0x00000000e2a00000, 0x00000000e2a00000, 0x00000000e2b00000|  0%| F|  |TAMS 0x00000000e2a00000, 0x00000000e2a00000| Untracked 
|  43|0x00000000e2b00000, 0x00000000e2b00000, 0x00000000e2c00000|  0%| F|  |TAMS 0x00000000e2b00000, 0x00000000e2b00000| Untracked 
|  44|0x00000000e2c00000, 0x00000000e2c00000, 0x00000000e2d00000|  0%| F|  |TAMS 0x00000000e2c00000, 0x00000000e2c00000| Untracked 
|  45|0x00000000e2d00000, 0x00000000e2d00000, 0x00000000e2e00000|  0%| F|  |TAMS 0x00000000e2d00000, 0x00000000e2d00000| Untracked 
|  46|0x00000000e2e00000, 0x00000000e2e00000, 0x00000000e2f00000|  0%| F|  |TAMS 0x00000000e2e00000, 0x00000000e2e00000| Untracked 
|  47|0x00000000e2f00000, 0x00000000e2f00000, 0x00000000e3000000|  0%| F|  |TAMS 0x00000000e2f00000, 0x00000000e2f00000| Untracked 
|  48|0x00000000e3000000, 0x00000000e3000000, 0x00000000e3100000|  0%| F|  |TAMS 0x00000000e3000000, 0x00000000e3000000| Untracked 
|  49|0x00000000e3100000, 0x00000000e3100000, 0x00000000e3200000|  0%| F|  |TAMS 0x00000000e3100000, 0x00000000e3100000| Untracked 
|  50|0x00000000e3200000, 0x00000000e3200000, 0x00000000e3300000|  0%| F|  |TAMS 0x00000000e3200000, 0x00000000e3200000| Untracked 
|  51|0x00000000e3300000, 0x00000000e3300000, 0x00000000e3400000|  0%| F|  |TAMS 0x00000000e3300000, 0x00000000e3300000| Untracked 
|  52|0x00000000e3400000, 0x00000000e3400000, 0x00000000e3500000|  0%| F|  |TAMS 0x00000000e3400000, 0x00000000e3400000| Untracked 
|  53|0x00000000e3500000, 0x00000000e3500000, 0x00000000e3600000|  0%| F|  |TAMS 0x00000000e3500000, 0x00000000e3500000| Untracked 
|  54|0x00000000e3600000, 0x00000000e3600000, 0x00000000e3700000|  0%| F|  |TAMS 0x00000000e3600000, 0x00000000e3600000| Untracked 
|  55|0x00000000e3700000, 0x00000000e3700000, 0x00000000e3800000|  0%| F|  |TAMS 0x00000000e3700000, 0x00000000e3700000| Untracked 
|  56|0x00000000e3800000, 0x00000000e3800000, 0x00000000e3900000|  0%| F|  |TAMS 0x00000000e3800000, 0x00000000e3800000| Untracked 
|  57|0x00000000e3900000, 0x00000000e3900000, 0x00000000e3a00000|  0%| F|  |TAMS 0x00000000e3900000, 0x00000000e3900000| Untracked 
|  58|0x00000000e3a00000, 0x00000000e3a00000, 0x00000000e3b00000|  0%| F|  |TAMS 0x00000000e3a00000, 0x00000000e3a00000| Untracked 
|  59|0x00000000e3b00000, 0x00000000e3b00000, 0x00000000e3c00000|  0%| F|  |TAMS 0x00000000e3b00000, 0x00000000e3b00000| Untracked 
|  60|0x00000000e3c00000, 0x00000000e3c00000, 0x00000000e3d00000|  0%| F|  |TAMS 0x00000000e3c00000, 0x00000000e3c00000| Untracked 
|  61|0x00000000e3d00000, 0x00000000e3d00000, 0x00000000e3e00000|  0%| F|  |TAMS 0x00000000e3d00000, 0x00000000e3d00000| Untracked 
|  62|0x00000000e3e00000, 0x00000000e3e00000, 0x00000000e3f00000|  0%| F|  |TAMS 0x00000000e3e00000, 0x00000000e3e00000| Untracked 
|  63|0x00000000e3f00000, 0x00000000e3f00000, 0x00000000e4000000|  0%| F|  |TAMS 0x00000000e3f00000, 0x00000000e3f00000| Untracked 
|  64|0x00000000e4000000, 0x00000000e4000000, 0x00000000e4100000|  0%| F|  |TAMS 0x00000000e4000000, 0x00000000e4000000| Untracked 
|  65|0x00000000e4100000, 0x00000000e4100000, 0x00000000e4200000|  0%| F|  |TAMS 0x00000000e4100000, 0x00000000e4100000| Untracked 
|  66|0x00000000e4200000, 0x00000000e4200000, 0x00000000e4300000|  0%| F|  |TAMS 0x00000000e4200000, 0x00000000e4200000| Untracked 
|  67|0x00000000e4300000, 0x00000000e4300000, 0x00000000e4400000|  0%| F|  |TAMS 0x00000000e4300000, 0x00000000e4300000| Untracked 
|  68|0x00000000e4400000, 0x00000000e4400000, 0x00000000e4500000|  0%| F|  |TAMS 0x00000000e4400000, 0x00000000e4400000| Untracked 
|  69|0x00000000e4500000, 0x00000000e4500000, 0x00000000e4600000|  0%| F|  |TAMS 0x00000000e4500000, 0x00000000e4500000| Untracked 
|  70|0x00000000e4600000, 0x00000000e4600000, 0x00000000e4700000|  0%| F|  |TAMS 0x00000000e4600000, 0x00000000e4600000| Untracked 
|  71|0x00000000e4700000, 0x00000000e4700000, 0x00000000e4800000|  0%| F|  |TAMS 0x00000000e4700000, 0x00000000e4700000| Untracked 
|  72|0x00000000e4800000, 0x00000000e4800000, 0x00000000e4900000|  0%| F|  |TAMS 0x00000000e4800000, 0x00000000e4800000| Untracked 
|  73|0x00000000e4900000, 0x00000000e4900000, 0x00000000e4a00000|  0%| F|  |TAMS 0x00000000e4900000, 0x00000000e4900000| Untracked 
|  74|0x00000000e4a00000, 0x00000000e4a00000, 0x00000000e4b00000|  0%| F|  |TAMS 0x00000000e4a00000, 0x00000000e4a00000| Untracked 
|  75|0x00000000e4b00000, 0x00000000e4b00000, 0x00000000e4c00000|  0%| F|  |TAMS 0x00000000e4b00000, 0x00000000e4b00000| Untracked 
|  76|0x00000000e4c00000, 0x00000000e4c00000, 0x00000000e4d00000|  0%| F|  |TAMS 0x00000000e4c00000, 0x00000000e4c00000| Untracked 
|  77|0x00000000e4d00000, 0x00000000e4d00000, 0x00000000e4e00000|  0%| F|  |TAMS 0x00000000e4d00000, 0x00000000e4d00000| Untracked 
|  78|0x00000000e4e00000, 0x00000000e4e00000, 0x00000000e4f00000|  0%| F|  |TAMS 0x00000000e4e00000, 0x00000000e4e00000| Untracked 
|  79|0x00000000e4f00000, 0x00000000e4f00000, 0x00000000e5000000|  0%| F|  |TAMS 0x00000000e4f00000, 0x00000000e4f00000| Untracked 
|  80|0x00000000e5000000, 0x00000000e5000000, 0x00000000e5100000|  0%| F|  |TAMS 0x00000000e5000000, 0x00000000e5000000| Untracked 
|  81|0x00000000e5100000, 0x00000000e5100000, 0x00000000e5200000|  0%| F|  |TAMS 0x00000000e5100000, 0x00000000e5100000| Untracked 
|  82|0x00000000e5200000, 0x00000000e5200000, 0x00000000e5300000|  0%| F|  |TAMS 0x00000000e5200000, 0x00000000e5200000| Untracked 
|  83|0x00000000e5300000, 0x00000000e5300000, 0x00000000e5400000|  0%| F|  |TAMS 0x00000000e5300000, 0x00000000e5300000| Untracked 
|  84|0x00000000e5400000, 0x00000000e5400000, 0x00000000e5500000|  0%| F|  |TAMS 0x00000000e5400000, 0x00000000e5400000| Untracked 
|  85|0x00000000e5500000, 0x00000000e5500000, 0x00000000e5600000|  0%| F|  |TAMS 0x00000000e5500000, 0x00000000e5500000| Untracked 
|  86|0x00000000e5600000, 0x00000000e5600000, 0x00000000e5700000|  0%| F|  |TAMS 0x00000000e5600000, 0x00000000e5600000| Untracked 
|  87|0x00000000e5700000, 0x00000000e5700000, 0x00000000e5800000|  0%| F|  |TAMS 0x00000000e5700000, 0x00000000e5700000| Untracked 
|  88|0x00000000e5800000, 0x00000000e5800000, 0x00000000e5900000|  0%| F|  |TAMS 0x00000000e5800000, 0x00000000e5800000| Untracked 
|  89|0x00000000e5900000, 0x00000000e5900000, 0x00000000e5a00000|  0%| F|  |TAMS 0x00000000e5900000, 0x00000000e5900000| Untracked 
|  90|0x00000000e5a00000, 0x00000000e5a00000, 0x00000000e5b00000|  0%| F|  |TAMS 0x00000000e5a00000, 0x00000000e5a00000| Untracked 
|  91|0x00000000e5b00000, 0x00000000e5b00000, 0x00000000e5c00000|  0%| F|  |TAMS 0x00000000e5b00000, 0x00000000e5b00000| Untracked 
|  92|0x00000000e5c00000, 0x00000000e5c00000, 0x00000000e5d00000|  0%| F|  |TAMS 0x00000000e5c00000, 0x00000000e5c00000| Untracked 
|  93|0x00000000e5d00000, 0x00000000e5d00000, 0x00000000e5e00000|  0%| F|  |TAMS 0x00000000e5d00000, 0x00000000e5d00000| Untracked 
|  94|0x00000000e5e00000, 0x00000000e5e00000, 0x00000000e5f00000|  0%| F|  |TAMS 0x00000000e5e00000, 0x00000000e5e00000| Untracked 
|  95|0x00000000e5f00000, 0x00000000e5f00000, 0x00000000e6000000|  0%| F|  |TAMS 0x00000000e5f00000, 0x00000000e5f00000| Untracked 
|  96|0x00000000e6000000, 0x00000000e6000000, 0x00000000e6100000|  0%| F|  |TAMS 0x00000000e6000000, 0x00000000e6000000| Untracked 
|  97|0x00000000e6100000, 0x00000000e6100000, 0x00000000e6200000|  0%| F|  |TAMS 0x00000000e6100000, 0x00000000e6100000| Untracked 
|  98|0x00000000e6200000, 0x00000000e6200000, 0x00000000e6300000|  0%| F|  |TAMS 0x00000000e6200000, 0x00000000e6200000| Untracked 
|  99|0x00000000e6300000, 0x00000000e6300000, 0x00000000e6400000|  0%| F|  |TAMS 0x00000000e6300000, 0x00000000e6300000| Untracked 
| 100|0x00000000e6400000, 0x00000000e6400000, 0x00000000e6500000|  0%| F|  |TAMS 0x00000000e6400000, 0x00000000e6400000| Untracked 
| 101|0x00000000e6500000, 0x00000000e6500000, 0x00000000e6600000|  0%| F|  |TAMS 0x00000000e6500000, 0x00000000e6500000| Untracked 
| 102|0x00000000e6600000, 0x00000000e6600000, 0x00000000e6700000|  0%| F|  |TAMS 0x00000000e6600000, 0x00000000e6600000| Untracked 
| 103|0x00000000e6700000, 0x00000000e6700000, 0x00000000e6800000|  0%| F|  |TAMS 0x00000000e6700000, 0x00000000e6700000| Untracked 
| 104|0x00000000e6800000, 0x00000000e6800000, 0x00000000e6900000|  0%| F|  |TAMS 0x00000000e6800000, 0x00000000e6800000| Untracked 
| 105|0x00000000e6900000, 0x00000000e6900000, 0x00000000e6a00000|  0%| F|  |TAMS 0x00000000e6900000, 0x00000000e6900000| Untracked 
| 106|0x00000000e6a00000, 0x00000000e6a00000, 0x00000000e6b00000|  0%| F|  |TAMS 0x00000000e6a00000, 0x00000000e6a00000| Untracked 
| 107|0x00000000e6b00000, 0x00000000e6b00000, 0x00000000e6c00000|  0%| F|  |TAMS 0x00000000e6b00000, 0x00000000e6b00000| Untracked 
| 108|0x00000000e6c00000, 0x00000000e6c00000, 0x00000000e6d00000|  0%| F|  |TAMS 0x00000000e6c00000, 0x00000000e6c00000| Untracked 
| 109|0x00000000e6d00000, 0x00000000e6d00000, 0x00000000e6e00000|  0%| F|  |TAMS 0x00000000e6d00000, 0x00000000e6d00000| Untracked 
| 110|0x00000000e6e00000, 0x00000000e6e00000, 0x00000000e6f00000|  0%| F|  |TAMS 0x00000000e6e00000, 0x00000000e6e00000| Untracked 
| 111|0x00000000e6f00000, 0x00000000e6f00000, 0x00000000e7000000|  0%| F|  |TAMS 0x00000000e6f00000, 0x00000000e6f00000| Untracked 
| 112|0x00000000e7000000, 0x00000000e7000000, 0x00000000e7100000|  0%| F|  |TAMS 0x00000000e7000000, 0x00000000e7000000| Untracked 
| 113|0x00000000e7100000, 0x00000000e7100000, 0x00000000e7200000|  0%| F|  |TAMS 0x00000000e7100000, 0x00000000e7100000| Untracked 
| 114|0x00000000e7200000, 0x00000000e7200000, 0x00000000e7300000|  0%| F|  |TAMS 0x00000000e7200000, 0x00000000e7200000| Untracked 
| 115|0x00000000e7300000, 0x00000000e7300000, 0x00000000e7400000|  0%| F|  |TAMS 0x00000000e7300000, 0x00000000e7300000| Untracked 
| 116|0x00000000e7400000, 0x00000000e7400000, 0x00000000e7500000|  0%| F|  |TAMS 0x00000000e7400000, 0x00000000e7400000| Untracked 
| 117|0x00000000e7500000, 0x00000000e7500000, 0x00000000e7600000|  0%| F|  |TAMS 0x00000000e7500000, 0x00000000e7500000| Untracked 
| 118|0x00000000e7600000, 0x00000000e7600000, 0x00000000e7700000|  0%| F|  |TAMS 0x00000000e7600000, 0x00000000e7600000| Untracked 
| 119|0x00000000e7700000, 0x00000000e7700000, 0x00000000e7800000|  0%| F|  |TAMS 0x00000000e7700000, 0x00000000e7700000| Untracked 
| 120|0x00000000e7800000, 0x00000000e7800000, 0x00000000e7900000|  0%| F|  |TAMS 0x00000000e7800000, 0x00000000e7800000| Untracked 
| 121|0x00000000e7900000, 0x00000000e7900000, 0x00000000e7a00000|  0%| F|  |TAMS 0x00000000e7900000, 0x00000000e7900000| Untracked 
| 122|0x00000000e7a00000, 0x00000000e7a00000, 0x00000000e7b00000|  0%| F|  |TAMS 0x00000000e7a00000, 0x00000000e7a00000| Untracked 
| 123|0x00000000e7b00000, 0x00000000e7b00000, 0x00000000e7c00000|  0%| F|  |TAMS 0x00000000e7b00000, 0x00000000e7b00000| Untracked 
| 124|0x00000000e7c00000, 0x00000000e7c00000, 0x00000000e7d00000|  0%| F|  |TAMS 0x00000000e7c00000, 0x00000000e7c00000| Untracked 
| 125|0x00000000e7d00000, 0x00000000e7d00000, 0x00000000e7e00000|  0%| F|  |TAMS 0x00000000e7d00000, 0x00000000e7d00000| Untracked 
| 126|0x00000000e7e00000, 0x00000000e7e00000, 0x00000000e7f00000|  0%| F|  |TAMS 0x00000000e7e00000, 0x00000000e7e00000| Untracked 
| 127|0x00000000e7f00000, 0x00000000e7f00000, 0x00000000e8000000|  0%| F|  |TAMS 0x00000000e7f00000, 0x00000000e7f00000| Untracked 
| 128|0x00000000e8000000, 0x00000000e8000000, 0x00000000e8100000|  0%| F|  |TAMS 0x00000000e8000000, 0x00000000e8000000| Untracked 
| 129|0x00000000e8100000, 0x00000000e8100000, 0x00000000e8200000|  0%| F|  |TAMS 0x00000000e8100000, 0x00000000e8100000| Untracked 
| 130|0x00000000e8200000, 0x00000000e8200000, 0x00000000e8300000|  0%| F|  |TAMS 0x00000000e8200000, 0x00000000e8200000| Untracked 
| 131|0x00000000e8300000, 0x00000000e8300000, 0x00000000e8400000|  0%| F|  |TAMS 0x00000000e8300000, 0x00000000e8300000| Untracked 
| 132|0x00000000e8400000, 0x00000000e8400000, 0x00000000e8500000|  0%| F|  |TAMS 0x00000000e8400000, 0x00000000e8400000| Untracked 
| 133|0x00000000e8500000, 0x00000000e8500000, 0x00000000e8600000|  0%| F|  |TAMS 0x00000000e8500000, 0x00000000e8500000| Untracked 
| 134|0x00000000e8600000, 0x00000000e8600000, 0x00000000e8700000|  0%| F|  |TAMS 0x00000000e8600000, 0x00000000e8600000| Untracked 
| 135|0x00000000e8700000, 0x00000000e8700000, 0x00000000e8800000|  0%| F|  |TAMS 0x00000000e8700000, 0x00000000e8700000| Untracked 
| 136|0x00000000e8800000, 0x00000000e8800000, 0x00000000e8900000|  0%| F|  |TAMS 0x00000000e8800000, 0x00000000e8800000| Untracked 
| 137|0x00000000e8900000, 0x00000000e8900000, 0x00000000e8a00000|  0%| F|  |TAMS 0x00000000e8900000, 0x00000000e8900000| Untracked 
| 138|0x00000000e8a00000, 0x00000000e8a00000, 0x00000000e8b00000|  0%| F|  |TAMS 0x00000000e8a00000, 0x00000000e8a00000| Untracked 
| 139|0x00000000e8b00000, 0x00000000e8b00000, 0x00000000e8c00000|  0%| F|  |TAMS 0x00000000e8b00000, 0x00000000e8b00000| Untracked 
| 140|0x00000000e8c00000, 0x00000000e8c00000, 0x00000000e8d00000|  0%| F|  |TAMS 0x00000000e8c00000, 0x00000000e8c00000| Untracked 
| 141|0x00000000e8d00000, 0x00000000e8d00000, 0x00000000e8e00000|  0%| F|  |TAMS 0x00000000e8d00000, 0x00000000e8d00000| Untracked 
| 142|0x00000000e8e00000, 0x00000000e8e00000, 0x00000000e8f00000|  0%| F|  |TAMS 0x00000000e8e00000, 0x00000000e8e00000| Untracked 
| 143|0x00000000e8f00000, 0x00000000e8f00000, 0x00000000e9000000|  0%| F|  |TAMS 0x00000000e8f00000, 0x00000000e8f00000| Untracked 
| 144|0x00000000e9000000, 0x00000000e9000000, 0x00000000e9100000|  0%| F|  |TAMS 0x00000000e9000000, 0x00000000e9000000| Untracked 
| 145|0x00000000e9100000, 0x00000000e9100000, 0x00000000e9200000|  0%| F|  |TAMS 0x00000000e9100000, 0x00000000e9100000| Untracked 
| 146|0x00000000e9200000, 0x00000000e9270d60, 0x00000000e9300000| 44%| S|CS|TAMS 0x00000000e9200000, 0x00000000e9200000| Complete 
| 147|0x00000000e9300000, 0x00000000e9400000, 0x00000000e9400000|100%| S|CS|TAMS 0x00000000e9300000, 0x00000000e9300000| Complete 
| 148|0x00000000e9400000, 0x00000000e9500000, 0x00000000e9500000|100%| S|CS|TAMS 0x00000000e9400000, 0x00000000e9400000| Complete 
| 149|0x00000000e9500000, 0x00000000e9600000, 0x00000000e9600000|100%| S|CS|TAMS 0x00000000e9500000, 0x00000000e9500000| Complete 
| 150|0x00000000e9600000, 0x00000000e9700000, 0x00000000e9700000|100%| S|CS|TAMS 0x00000000e9600000, 0x00000000e9600000| Complete 
| 151|0x00000000e9700000, 0x00000000e9800000, 0x00000000e9800000|100%| S|CS|TAMS 0x00000000e9700000, 0x00000000e9700000| Complete 
| 152|0x00000000e9800000, 0x00000000e9900000, 0x00000000e9900000|100%| S|CS|TAMS 0x00000000e9800000, 0x00000000e9800000| Complete 
| 153|0x00000000e9900000, 0x00000000e9a00000, 0x00000000e9a00000|100%| S|CS|TAMS 0x00000000e9900000, 0x00000000e9900000| Complete 
| 154|0x00000000e9a00000, 0x00000000e9b00000, 0x00000000e9b00000|100%| S|CS|TAMS 0x00000000e9a00000, 0x00000000e9a00000| Complete 
| 155|0x00000000e9b00000, 0x00000000e9c00000, 0x00000000e9c00000|100%| S|CS|TAMS 0x00000000e9b00000, 0x00000000e9b00000| Complete 
| 156|0x00000000e9c00000, 0x00000000e9d00000, 0x00000000e9d00000|100%| S|CS|TAMS 0x00000000e9c00000, 0x00000000e9c00000| Complete 
| 157|0x00000000e9d00000, 0x00000000e9d00000, 0x00000000e9e00000|  0%| F|  |TAMS 0x00000000e9d00000, 0x00000000e9d00000| Untracked 
| 158|0x00000000e9e00000, 0x00000000e9e00000, 0x00000000e9f00000|  0%| F|  |TAMS 0x00000000e9e00000, 0x00000000e9e00000| Untracked 
| 159|0x00000000e9f00000, 0x00000000e9f00000, 0x00000000ea000000|  0%| F|  |TAMS 0x00000000e9f00000, 0x00000000e9f00000| Untracked 
| 160|0x00000000ea000000, 0x00000000ea000000, 0x00000000ea100000|  0%| F|  |TAMS 0x00000000ea000000, 0x00000000ea000000| Untracked 
| 161|0x00000000ea100000, 0x00000000ea100000, 0x00000000ea200000|  0%| F|  |TAMS 0x00000000ea100000, 0x00000000ea100000| Untracked 
| 162|0x00000000ea200000, 0x00000000ea200000, 0x00000000ea300000|  0%| F|  |TAMS 0x00000000ea200000, 0x00000000ea200000| Untracked 
| 163|0x00000000ea300000, 0x00000000ea300000, 0x00000000ea400000|  0%| F|  |TAMS 0x00000000ea300000, 0x00000000ea300000| Untracked 
| 164|0x00000000ea400000, 0x00000000ea400000, 0x00000000ea500000|  0%| F|  |TAMS 0x00000000ea400000, 0x00000000ea400000| Untracked 
| 165|0x00000000ea500000, 0x00000000ea500000, 0x00000000ea600000|  0%| F|  |TAMS 0x00000000ea500000, 0x00000000ea500000| Untracked 
| 166|0x00000000ea600000, 0x00000000ea600000, 0x00000000ea700000|  0%| F|  |TAMS 0x00000000ea600000, 0x00000000ea600000| Untracked 
| 167|0x00000000ea700000, 0x00000000ea700000, 0x00000000ea800000|  0%| F|  |TAMS 0x00000000ea700000, 0x00000000ea700000| Untracked 
| 168|0x00000000ea800000, 0x00000000ea800000, 0x00000000ea900000|  0%| F|  |TAMS 0x00000000ea800000, 0x00000000ea800000| Untracked 
| 169|0x00000000ea900000, 0x00000000ea900000, 0x00000000eaa00000|  0%| F|  |TAMS 0x00000000ea900000, 0x00000000ea900000| Untracked 
| 170|0x00000000eaa00000, 0x00000000eaa00000, 0x00000000eab00000|  0%| F|  |TAMS 0x00000000eaa00000, 0x00000000eaa00000| Untracked 
| 171|0x00000000eab00000, 0x00000000eab00000, 0x00000000eac00000|  0%| F|  |TAMS 0x00000000eab00000, 0x00000000eab00000| Untracked 
| 172|0x00000000eac00000, 0x00000000eac00000, 0x00000000ead00000|  0%| F|  |TAMS 0x00000000eac00000, 0x00000000eac00000| Untracked 
| 173|0x00000000ead00000, 0x00000000ead00000, 0x00000000eae00000|  0%| F|  |TAMS 0x00000000ead00000, 0x00000000ead00000| Untracked 
| 174|0x00000000eae00000, 0x00000000eae00000, 0x00000000eaf00000|  0%| F|  |TAMS 0x00000000eae00000, 0x00000000eae00000| Untracked 
| 175|0x00000000eaf00000, 0x00000000eaf00000, 0x00000000eb000000|  0%| F|  |TAMS 0x00000000eaf00000, 0x00000000eaf00000| Untracked 
| 176|0x00000000eb000000, 0x00000000eb000000, 0x00000000eb100000|  0%| F|  |TAMS 0x00000000eb000000, 0x00000000eb000000| Untracked 
| 177|0x00000000eb100000, 0x00000000eb100000, 0x00000000eb200000|  0%| F|  |TAMS 0x00000000eb100000, 0x00000000eb100000| Untracked 
| 178|0x00000000eb200000, 0x00000000eb200000, 0x00000000eb300000|  0%| F|  |TAMS 0x00000000eb200000, 0x00000000eb200000| Untracked 
| 179|0x00000000eb300000, 0x00000000eb300000, 0x00000000eb400000|  0%| F|  |TAMS 0x00000000eb300000, 0x00000000eb300000| Untracked 
| 180|0x00000000eb400000, 0x00000000eb400000, 0x00000000eb500000|  0%| F|  |TAMS 0x00000000eb400000, 0x00000000eb400000| Untracked 
| 181|0x00000000eb500000, 0x00000000eb500000, 0x00000000eb600000|  0%| F|  |TAMS 0x00000000eb500000, 0x00000000eb500000| Untracked 
| 182|0x00000000eb600000, 0x00000000eb600000, 0x00000000eb700000|  0%| F|  |TAMS 0x00000000eb600000, 0x00000000eb600000| Untracked 
| 183|0x00000000eb700000, 0x00000000eb700000, 0x00000000eb800000|  0%| F|  |TAMS 0x00000000eb700000, 0x00000000eb700000| Untracked 
| 184|0x00000000eb800000, 0x00000000eb800000, 0x00000000eb900000|  0%| F|  |TAMS 0x00000000eb800000, 0x00000000eb800000| Untracked 
| 185|0x00000000eb900000, 0x00000000eb900000, 0x00000000eba00000|  0%| F|  |TAMS 0x00000000eb900000, 0x00000000eb900000| Untracked 
| 186|0x00000000eba00000, 0x00000000eba00000, 0x00000000ebb00000|  0%| F|  |TAMS 0x00000000eba00000, 0x00000000eba00000| Untracked 
| 187|0x00000000ebb00000, 0x00000000ebb00000, 0x00000000ebc00000|  0%| F|  |TAMS 0x00000000ebb00000, 0x00000000ebb00000| Untracked 
| 188|0x00000000ebc00000, 0x00000000ebc00000, 0x00000000ebd00000|  0%| F|  |TAMS 0x00000000ebc00000, 0x00000000ebc00000| Untracked 
| 189|0x00000000ebd00000, 0x00000000ebd00000, 0x00000000ebe00000|  0%| F|  |TAMS 0x00000000ebd00000, 0x00000000ebd00000| Untracked 
| 190|0x00000000ebe00000, 0x00000000ebe00000, 0x00000000ebf00000|  0%| F|  |TAMS 0x00000000ebe00000, 0x00000000ebe00000| Untracked 
| 191|0x00000000ebf00000, 0x00000000ebf00000, 0x00000000ec000000|  0%| F|  |TAMS 0x00000000ebf00000, 0x00000000ebf00000| Untracked 
| 192|0x00000000ec000000, 0x00000000ec000000, 0x00000000ec100000|  0%| F|  |TAMS 0x00000000ec000000, 0x00000000ec000000| Untracked 
| 193|0x00000000ec100000, 0x00000000ec100000, 0x00000000ec200000|  0%| F|  |TAMS 0x00000000ec100000, 0x00000000ec100000| Untracked 
| 194|0x00000000ec200000, 0x00000000ec200000, 0x00000000ec300000|  0%| F|  |TAMS 0x00000000ec200000, 0x00000000ec200000| Untracked 
| 195|0x00000000ec300000, 0x00000000ec300000, 0x00000000ec400000|  0%| F|  |TAMS 0x00000000ec300000, 0x00000000ec300000| Untracked 
| 196|0x00000000ec400000, 0x00000000ec400000, 0x00000000ec500000|  0%| F|  |TAMS 0x00000000ec400000, 0x00000000ec400000| Untracked 
| 197|0x00000000ec500000, 0x00000000ec500000, 0x00000000ec600000|  0%| F|  |TAMS 0x00000000ec500000, 0x00000000ec500000| Untracked 
| 198|0x00000000ec600000, 0x00000000ec600000, 0x00000000ec700000|  0%| F|  |TAMS 0x00000000ec600000, 0x00000000ec600000| Untracked 
| 199|0x00000000ec700000, 0x00000000ec700000, 0x00000000ec800000|  0%| F|  |TAMS 0x00000000ec700000, 0x00000000ec700000| Untracked 
| 200|0x00000000ec800000, 0x00000000ec800000, 0x00000000ec900000|  0%| F|  |TAMS 0x00000000ec800000, 0x00000000ec800000| Untracked 
| 201|0x00000000ec900000, 0x00000000ec900000, 0x00000000eca00000|  0%| F|  |TAMS 0x00000000ec900000, 0x00000000ec900000| Untracked 
| 202|0x00000000eca00000, 0x00000000eca00000, 0x00000000ecb00000|  0%| F|  |TAMS 0x00000000eca00000, 0x00000000eca00000| Untracked 
| 203|0x00000000ecb00000, 0x00000000ecb00000, 0x00000000ecc00000|  0%| F|  |TAMS 0x00000000ecb00000, 0x00000000ecb00000| Untracked 
| 204|0x00000000ecc00000, 0x00000000ecc00000, 0x00000000ecd00000|  0%| F|  |TAMS 0x00000000ecc00000, 0x00000000ecc00000| Untracked 
| 205|0x00000000ecd00000, 0x00000000ecd00000, 0x00000000ece00000|  0%| F|  |TAMS 0x00000000ecd00000, 0x00000000ecd00000| Untracked 
| 206|0x00000000ece00000, 0x00000000ece00000, 0x00000000ecf00000|  0%| F|  |TAMS 0x00000000ece00000, 0x00000000ece00000| Untracked 
| 207|0x00000000ecf00000, 0x00000000ecf00000, 0x00000000ed000000|  0%| F|  |TAMS 0x00000000ecf00000, 0x00000000ecf00000| Untracked 
| 208|0x00000000ed000000, 0x00000000ed000000, 0x00000000ed100000|  0%| F|  |TAMS 0x00000000ed000000, 0x00000000ed000000| Untracked 
| 209|0x00000000ed100000, 0x00000000ed100000, 0x00000000ed200000|  0%| F|  |TAMS 0x00000000ed100000, 0x00000000ed100000| Untracked 
| 210|0x00000000ed200000, 0x00000000ed200000, 0x00000000ed300000|  0%| F|  |TAMS 0x00000000ed200000, 0x00000000ed200000| Untracked 
| 211|0x00000000ed300000, 0x00000000ed300000, 0x00000000ed400000|  0%| F|  |TAMS 0x00000000ed300000, 0x00000000ed300000| Untracked 
| 212|0x00000000ed400000, 0x00000000ed400000, 0x00000000ed500000|  0%| F|  |TAMS 0x00000000ed400000, 0x00000000ed400000| Untracked 
| 213|0x00000000ed500000, 0x00000000ed500000, 0x00000000ed600000|  0%| F|  |TAMS 0x00000000ed500000, 0x00000000ed500000| Untracked 
| 214|0x00000000ed600000, 0x00000000ed600000, 0x00000000ed700000|  0%| F|  |TAMS 0x00000000ed600000, 0x00000000ed600000| Untracked 
| 215|0x00000000ed700000, 0x00000000ed700000, 0x00000000ed800000|  0%| F|  |TAMS 0x00000000ed700000, 0x00000000ed700000| Untracked 
| 216|0x00000000ed800000, 0x00000000ed800000, 0x00000000ed900000|  0%| F|  |TAMS 0x00000000ed800000, 0x00000000ed800000| Untracked 
| 217|0x00000000ed900000, 0x00000000ed900000, 0x00000000eda00000|  0%| F|  |TAMS 0x00000000ed900000, 0x00000000ed900000| Untracked 
| 218|0x00000000eda00000, 0x00000000eda00000, 0x00000000edb00000|  0%| F|  |TAMS 0x00000000eda00000, 0x00000000eda00000| Untracked 
| 219|0x00000000edb00000, 0x00000000edb00000, 0x00000000edc00000|  0%| F|  |TAMS 0x00000000edb00000, 0x00000000edb00000| Untracked 
| 220|0x00000000edc00000, 0x00000000edc00000, 0x00000000edd00000|  0%| F|  |TAMS 0x00000000edc00000, 0x00000000edc00000| Untracked 
| 221|0x00000000edd00000, 0x00000000edd00000, 0x00000000ede00000|  0%| F|  |TAMS 0x00000000edd00000, 0x00000000edd00000| Untracked 
| 222|0x00000000ede00000, 0x00000000ede00000, 0x00000000edf00000|  0%| F|  |TAMS 0x00000000ede00000, 0x00000000ede00000| Untracked 
| 223|0x00000000edf00000, 0x00000000edf00000, 0x00000000ee000000|  0%| F|  |TAMS 0x00000000edf00000, 0x00000000edf00000| Untracked 
| 224|0x00000000ee000000, 0x00000000ee000000, 0x00000000ee100000|  0%| F|  |TAMS 0x00000000ee000000, 0x00000000ee000000| Untracked 
| 225|0x00000000ee100000, 0x00000000ee100000, 0x00000000ee200000|  0%| F|  |TAMS 0x00000000ee100000, 0x00000000ee100000| Untracked 
| 226|0x00000000ee200000, 0x00000000ee200000, 0x00000000ee300000|  0%| F|  |TAMS 0x00000000ee200000, 0x00000000ee200000| Untracked 
| 227|0x00000000ee300000, 0x00000000ee300000, 0x00000000ee400000|  0%| F|  |TAMS 0x00000000ee300000, 0x00000000ee300000| Untracked 
| 228|0x00000000ee400000, 0x00000000ee400000, 0x00000000ee500000|  0%| F|  |TAMS 0x00000000ee400000, 0x00000000ee400000| Untracked 
| 229|0x00000000ee500000, 0x00000000ee500000, 0x00000000ee600000|  0%| F|  |TAMS 0x00000000ee500000, 0x00000000ee500000| Untracked 
| 230|0x00000000ee600000, 0x00000000ee600000, 0x00000000ee700000|  0%| F|  |TAMS 0x00000000ee600000, 0x00000000ee600000| Untracked 
| 231|0x00000000ee700000, 0x00000000ee700000, 0x00000000ee800000|  0%| F|  |TAMS 0x00000000ee700000, 0x00000000ee700000| Untracked 
| 232|0x00000000ee800000, 0x00000000ee800000, 0x00000000ee900000|  0%| F|  |TAMS 0x00000000ee800000, 0x00000000ee800000| Untracked 
| 233|0x00000000ee900000, 0x00000000ee900000, 0x00000000eea00000|  0%| F|  |TAMS 0x00000000ee900000, 0x00000000ee900000| Untracked 
| 234|0x00000000eea00000, 0x00000000eea00000, 0x00000000eeb00000|  0%| F|  |TAMS 0x00000000eea00000, 0x00000000eea00000| Untracked 
| 235|0x00000000eeb00000, 0x00000000eeb00000, 0x00000000eec00000|  0%| F|  |TAMS 0x00000000eeb00000, 0x00000000eeb00000| Untracked 
| 236|0x00000000eec00000, 0x00000000eec00000, 0x00000000eed00000|  0%| F|  |TAMS 0x00000000eec00000, 0x00000000eec00000| Untracked 
| 237|0x00000000eed00000, 0x00000000eed00000, 0x00000000eee00000|  0%| F|  |TAMS 0x00000000eed00000, 0x00000000eed00000| Untracked 
| 238|0x00000000eee00000, 0x00000000eee00000, 0x00000000eef00000|  0%| F|  |TAMS 0x00000000eee00000, 0x00000000eee00000| Untracked 
| 239|0x00000000eef00000, 0x00000000eef00000, 0x00000000ef000000|  0%| F|  |TAMS 0x00000000eef00000, 0x00000000eef00000| Untracked 
| 240|0x00000000ef000000, 0x00000000ef000000, 0x00000000ef100000|  0%| F|  |TAMS 0x00000000ef000000, 0x00000000ef000000| Untracked 
| 241|0x00000000ef100000, 0x00000000ef100000, 0x00000000ef200000|  0%| F|  |TAMS 0x00000000ef100000, 0x00000000ef100000| Untracked 
| 242|0x00000000ef200000, 0x00000000ef200000, 0x00000000ef300000|  0%| F|  |TAMS 0x00000000ef200000, 0x00000000ef200000| Untracked 
| 243|0x00000000ef300000, 0x00000000ef300000, 0x00000000ef400000|  0%| F|  |TAMS 0x00000000ef300000, 0x00000000ef300000| Untracked 
| 244|0x00000000ef400000, 0x00000000ef400000, 0x00000000ef500000|  0%| F|  |TAMS 0x00000000ef400000, 0x00000000ef400000| Untracked 
| 245|0x00000000ef500000, 0x00000000ef500000, 0x00000000ef600000|  0%| F|  |TAMS 0x00000000ef500000, 0x00000000ef500000| Untracked 
| 246|0x00000000ef600000, 0x00000000ef600000, 0x00000000ef700000|  0%| F|  |TAMS 0x00000000ef600000, 0x00000000ef600000| Untracked 
| 247|0x00000000ef700000, 0x00000000ef700000, 0x00000000ef800000|  0%| F|  |TAMS 0x00000000ef700000, 0x00000000ef700000| Untracked 
| 248|0x00000000ef800000, 0x00000000ef900000, 0x00000000ef900000|100%| E|  |TAMS 0x00000000ef800000, 0x00000000ef800000| Complete 
| 249|0x00000000ef900000, 0x00000000efa00000, 0x00000000efa00000|100%| E|CS|TAMS 0x00000000ef900000, 0x00000000ef900000| Complete 
| 250|0x00000000efa00000, 0x00000000efb00000, 0x00000000efb00000|100%| E|CS|TAMS 0x00000000efa00000, 0x00000000efa00000| Complete 
| 251|0x00000000efb00000, 0x00000000efc00000, 0x00000000efc00000|100%| E|CS|TAMS 0x00000000efb00000, 0x00000000efb00000| Complete 
| 252|0x00000000efc00000, 0x00000000efd00000, 0x00000000efd00000|100%| E|CS|TAMS 0x00000000efc00000, 0x00000000efc00000| Complete 
| 253|0x00000000efd00000, 0x00000000efe00000, 0x00000000efe00000|100%| E|CS|TAMS 0x00000000efd00000, 0x00000000efd00000| Complete 
| 254|0x00000000efe00000, 0x00000000eff00000, 0x00000000eff00000|100%| E|CS|TAMS 0x00000000efe00000, 0x00000000efe00000| Complete 
| 255|0x00000000eff00000, 0x00000000f0000000, 0x00000000f0000000|100%| E|CS|TAMS 0x00000000eff00000, 0x00000000eff00000| Complete 

Card table byte_map: [0x0000014e75840000,0x0000014e75940000] _byte_map_base: 0x0000014e75140000

Marking Bits (Prev, Next): (CMBitMap*) 0x0000014e5cba48c0, (CMBitMap*) 0x0000014e5cba4880
 Prev Bits: [0x0000014e76240000, 0x0000014e76a40000)
 Next Bits: [0x0000014e75a40000, 0x0000014e76240000)

Polling page: 0x0000014e5cc40000

Metaspace:

Usage:
  Non-class:     18.89 MB used.
      Class:      3.19 MB used.
       Both:     22.08 MB used.

Virtual space:
  Non-class space:       24.00 MB reserved,      19.06 MB ( 79%) committed,  3 nodes.
      Class space:      208.00 MB reserved,       3.31 MB (  2%) committed,  1 nodes.
              Both:      232.00 MB reserved,      22.38 MB ( 10%) committed. 

Chunk freelists:
   Non-Class:  656.00 KB
       Class:  656.00 KB
        Both:  1.28 MB

MaxMetaspaceSize: 256.00 MB
CompressedClassSpaceSize: 208.00 MB
 - commit_granule_bytes: 65536.
 - commit_granule_words: 8192.
 - virtual_space_node_default_size: 1048576.
 - enlarge_chunks_in_place: 1.
 - new_chunks_are_fully_committed: 0.
 - uncommit_free_chunks: 1.
 - use_allocation_guard: 0.
 - handle_deallocations: 1.


Internal statistics:

num_allocs_failed_limit: 3.
num_arena_births: 230.
num_arena_deaths: 0.
num_vsnodes_births: 4.
num_vsnodes_deaths: 0.
num_space_committed: 358.
num_space_uncommitted: 0.
num_chunks_returned_to_freelist: 3.
num_chunks_taken_from_freelist: 1017.
num_chunk_merges: 3.
num_chunk_splits: 695.
num_chunks_enlarged: 516.
num_purges: 0.

CodeHeap 'non-profiled nmethods': size=120000Kb used=1411Kb max_used=1411Kb free=118588Kb
 bounds [0x0000014e6d580000, 0x0000014e6d7f0000, 0x0000014e74ab0000]
CodeHeap 'profiled nmethods': size=120000Kb used=5394Kb max_used=5394Kb free=114605Kb
 bounds [0x0000014e66050000, 0x0000014e665a0000, 0x0000014e6d580000]
CodeHeap 'non-nmethods': size=5760Kb used=1242Kb max_used=1308Kb free=4517Kb
 bounds [0x0000014e65ab0000, 0x0000014e65d20000, 0x0000014e66050000]
 total_blobs=3226 nmethods=2680 adapters=458
 compilation: enabled
              stopped_count=0, restarted_count=0
 full_count=0

Compilation events (20 events):
Event: 124.724 Thread 0x0000014e796c9e20 2665       3       java.lang.Class::getMethodsRecursive (99 bytes)
Event: 124.724 Thread 0x0000014e796c9e20 nmethod 2665 0x0000014e66588810 code [0x0000014e66588a40, 0x0000014e66588fe8]
Event: 124.724 Thread 0x0000014e796c9e20 2663       3       org.codehaus.groovy.util.ManagedReference::<init> (14 bytes)
Event: 124.725 Thread 0x0000014e796c9e20 nmethod 2663 0x0000014e66589310 code [0x0000014e665894c0, 0x0000014e66589668]
Event: 124.725 Thread 0x0000014e796c9e20 2664       3       java.lang.Class::getDeclaredMethods (27 bytes)
Event: 124.725 Thread 0x0000014e796c9e20 nmethod 2664 0x0000014e66589790 code [0x0000014e66589980, 0x0000014e66589c98]
Event: 124.725 Thread 0x0000014e796c9e20 2666       3       java.util.Spliterator::getExactSizeIfKnown (25 bytes)
Event: 124.725 Thread 0x0000014e796c9e20 nmethod 2666 0x0000014e66589e10 code [0x0000014e66589fc0, 0x0000014e6658a2b8]
Event: 124.725 Thread 0x0000014e796c9e20 2667       3       java.util.stream.AbstractPipeline::sourceSpliterator (265 bytes)
Event: 124.726 Thread 0x0000014e796c9e20 nmethod 2667 0x0000014e6658a390 code [0x0000014e6658a640, 0x0000014e6658b6a8]
Event: 124.726 Thread 0x0000014e796c9e20 2668       3       java.util.stream.AbstractPipeline::wrapAndCopyInto (18 bytes)
Event: 124.726 Thread 0x0000014e796c9e20 nmethod 2668 0x0000014e6658bc10 code [0x0000014e6658be00, 0x0000014e6658c208]
Event: 124.786 Thread 0x0000014e796c9e20 2669       3       jdk.internal.reflect.Reflection::filter (163 bytes)
Event: 124.787 Thread 0x0000014e796c9e20 nmethod 2669 0x0000014e6658c390 code [0x0000014e6658c620, 0x0000014e6658d408]
Event: 124.787 Thread 0x0000014e796c9e20 2671       3       java.lang.Class::getMethod (59 bytes)
Event: 124.787 Thread 0x0000014e796c9e20 nmethod 2671 0x0000014e6658d810 code [0x0000014e6658dae0, 0x0000014e6658e708]
Event: 124.787 Thread 0x0000014e796c9e20 2672       3       java.lang.Class::getMethod0 (31 bytes)
Event: 124.787 Thread 0x0000014e796c9e20 nmethod 2672 0x0000014e6658ec10 code [0x0000014e6658ede0, 0x0000014e6658f018]
Event: 124.787 Thread 0x0000014e796c9e20 2670       3       java.util.stream.Sink::end (1 bytes)
Event: 124.787 Thread 0x0000014e796c9e20 nmethod 2670 0x0000014e6658f110 code [0x0000014e6658f2a0, 0x0000014e6658f3b8]

GC Heap History (6 events):
Event: 2.010 GC heap before
{Heap before GC invocations=0 (full 0):
 garbage-first heap   total 262144K, used 28672K [0x00000000e0000000, 0x0000000100000000)
  region size 1024K, 23 young (23552K), 0 survivors (0K)
 Metaspace       used 3820K, committed 4032K, reserved 221184K
  class space    used 468K, committed 576K, reserved 212992K
}
Event: 2.014 GC heap after
{Heap after GC invocations=1 (full 0):
 garbage-first heap   total 262144K, used 8866K [0x00000000e0000000, 0x0000000100000000)
  region size 1024K, 3 young (3072K), 3 survivors (3072K)
 Metaspace       used 3820K, committed 4032K, reserved 221184K
  class space    used 468K, committed 576K, reserved 212992K
}
Event: 67.853 GC heap before
{Heap before GC invocations=1 (full 0):
 garbage-first heap   total 262144K, used 36514K [0x00000000e0000000, 0x0000000100000000)
  region size 1024K, 31 young (31744K), 3 survivors (3072K)
 Metaspace       used 3986K, committed 4160K, reserved 221184K
  class space    used 469K, committed 576K, reserved 212992K
}
Event: 67.856 GC heap after
{Heap after GC invocations=2 (full 0):
 garbage-first heap   total 262144K, used 13196K [0x00000000e0000000, 0x0000000100000000)
  region size 1024K, 4 young (4096K), 4 survivors (4096K)
 Metaspace       used 3986K, committed 4160K, reserved 221184K
  class space    used 469K, committed 576K, reserved 212992K
}
Event: 124.238 GC heap before
{Heap before GC invocations=2 (full 0):
 garbage-first heap   total 262144K, used 109452K [0x00000000e0000000, 0x0000000100000000)
  region size 1024K, 99 young (101376K), 4 survivors (4096K)
 Metaspace       used 20972K, committed 21248K, reserved 237568K
  class space    used 3091K, committed 3264K, reserved 212992K
}
Event: 124.263 GC heap after
{Heap after GC invocations=3 (full 0):
 garbage-first heap   total 262144K, used 19791K [0x00000000e0000000, 0x0000000100000000)
  region size 1024K, 11 young (11264K), 11 survivors (11264K)
 Metaspace       used 20972K, committed 21248K, reserved 237568K
  class space    used 3091K, committed 3264K, reserved 212992K
}

Deoptimization events (20 events):
Event: 124.020 Thread 0x0000014e7a386b60 Uncommon trap: trap_request=0xffffff45 fr.pc=0x0000014e6d5b3c2c relative=0x00000000000004ec
Event: 124.020 Thread 0x0000014e7a386b60 Uncommon trap: reason=unstable_if action=reinterpret pc=0x0000014e6d5b3c2c method=java.lang.AbstractStringBuilder.putStringAt(ILjava/lang/String;II)V @ 8 c2
Event: 124.020 Thread 0x0000014e7a386b60 DEOPT PACKING pc=0x0000014e6d5b3c2c sp=0x000000278e5fa190
Event: 124.020 Thread 0x0000014e7a386b60 DEOPT UNPACKING pc=0x0000014e65afd72e sp=0x000000278e5fa018 mode 2
Event: 124.020 Thread 0x0000014e7a386b60 Uncommon trap: trap_request=0xffffff45 fr.pc=0x0000014e6d5c8994 relative=0x00000000000004d4
Event: 124.020 Thread 0x0000014e7a386b60 Uncommon trap: reason=unstable_if action=reinterpret pc=0x0000014e6d5c8994 method=java.lang.AbstractStringBuilder.putStringAt(ILjava/lang/String;II)V @ 8 c2
Event: 124.020 Thread 0x0000014e7a386b60 DEOPT PACKING pc=0x0000014e6d5c8994 sp=0x000000278e5fa130
Event: 124.020 Thread 0x0000014e7a386b60 DEOPT UNPACKING pc=0x0000014e65afd72e sp=0x000000278e5fa020 mode 2
Event: 124.020 Thread 0x0000014e7a386b60 Uncommon trap: trap_request=0xffffff45 fr.pc=0x0000014e6d5eeea4 relative=0x0000000000000384
Event: 124.020 Thread 0x0000014e7a386b60 Uncommon trap: reason=unstable_if action=reinterpret pc=0x0000014e6d5eeea4 method=java.lang.AbstractStringBuilder.isLatin1()Z @ 10 c2
Event: 124.020 Thread 0x0000014e7a386b60 DEOPT PACKING pc=0x0000014e6d5eeea4 sp=0x000000278e5fa1b0
Event: 124.020 Thread 0x0000014e7a386b60 DEOPT UNPACKING pc=0x0000014e65afd72e sp=0x000000278e5fa130 mode 2
Event: 124.020 Thread 0x0000014e7a386b60 Uncommon trap: trap_request=0xffffff45 fr.pc=0x0000014e6d5c80d4 relative=0x0000000000000134
Event: 124.020 Thread 0x0000014e7a386b60 Uncommon trap: reason=unstable_if action=reinterpret pc=0x0000014e6d5c80d4 method=java.lang.AbstractStringBuilder.putStringAt(ILjava/lang/String;II)V @ 8 c2
Event: 124.020 Thread 0x0000014e7a386b60 DEOPT PACKING pc=0x0000014e6d5c80d4 sp=0x000000278e5fa140
Event: 124.020 Thread 0x0000014e7a386b60 DEOPT UNPACKING pc=0x0000014e65afd72e sp=0x000000278e5fa088 mode 2
Event: 124.020 Thread 0x0000014e7a386b60 Uncommon trap: trap_request=0xffffff3d fr.pc=0x0000014e6d6cfe5c relative=0x000000000000021c
Event: 124.020 Thread 0x0000014e7a386b60 Uncommon trap: reason=unstable_fused_if action=reinterpret pc=0x0000014e6d6cfe5c method=org.objectweb.asm.ByteVector.putUTF8(Ljava/lang/String;)Lorg/objectweb/asm/ByteVector; @ 93 c2
Event: 124.020 Thread 0x0000014e7a386b60 DEOPT PACKING pc=0x0000014e6d6cfe5c sp=0x000000278e5fa0c0
Event: 124.020 Thread 0x0000014e7a386b60 DEOPT UNPACKING pc=0x0000014e65afd72e sp=0x000000278e5fa040 mode 2

Classes unloaded (0 events):
No events

Classes redefined (0 events):
No events

Internal exceptions (20 events):
Event: 103.651 Thread 0x0000014e7a386b60 Exception <a 'java/lang/NoSuchMethodError'{0x00000000ed3f6b30}: 'java.lang.Object java.lang.invoke.Invokers$Holder.invokeExact_MT(java.lang.Object, java.lang.Object, java.lang.Object, java.lang.Object, java.lang.Object, java.lang.Object)'> (0x00000000ed3f6b30) 
thrown [t:\workspace\open\src\hotspot\share\interpreter\linkResolver.cpp, line 790]
Event: 105.892 Thread 0x0000014e7a386b60 Exception <a 'java/lang/NoSuchMethodError'{0x00000000ecbb39b8}: 'void java.lang.invoke.DirectMethodHandle$Holder.invokeStatic(java.lang.Object, java.lang.Object)'> (0x00000000ecbb39b8) 
thrown [t:\workspace\open\src\hotspot\share\interpreter\linkResolver.cpp, line 790]
Event: 106.009 Thread 0x0000014e7a386b60 Exception <a 'java/lang/NoSuchMethodError'{0x00000000ecbe8298}: 'java.lang.Object java.lang.invoke.DirectMethodHandle$Holder.invokeVirtual(java.lang.Object, java.lang.Object, java.lang.Object, java.lang.Object)'> (0x00000000ecbe8298) 
thrown [t:\workspace\open\src\hotspot\share\interpreter\linkResolver.cpp, line 790]
Event: 106.252 Thread 0x0000014e7a386b60 Exception <a 'java/lang/NoSuchMethodError'{0x00000000ecadd018}: 'java.lang.Object java.lang.invoke.Invokers$Holder.invoker(java.lang.Object, java.lang.Object, java.lang.Object, java.lang.Object, java.lang.Object)'> (0x00000000ecadd018) 
thrown [t:\workspace\open\src\hotspot\share\interpreter\linkResolver.cpp, line 790]
Event: 106.595 Thread 0x0000014e7a386b60 Exception <a 'java/lang/NoSuchMethodError'{0x00000000ec86d020}: 'java.lang.Object java.lang.invoke.DirectMethodHandle$Holder.newInvokeSpecial(java.lang.Object, java.lang.Object, java.lang.Object, java.lang.Object, java.lang.Object)'> (0x00000000ec86d020) 
thrown [t:\workspace\open\src\hotspot\share\interpreter\linkResolver.cpp, line 790]
Event: 106.694 Thread 0x0000014e7a386b60 Exception <a 'java/lang/NoSuchMethodError'{0x00000000ec603c90}: 'void java.lang.invoke.DirectMethodHandle$Holder.invokeSpecial(java.lang.Object, java.lang.Object, java.lang.Object, java.lang.Object, java.lang.Object, java.lang.Object)'> (0x00000000ec603c90) 
thrown [t:\workspace\open\src\hotspot\share\interpreter\linkResolver.cpp, line 790]
Event: 106.734 Thread 0x0000014e7a386b60 Exception <a 'java/lang/NoSuchMethodError'{0x00000000ec665370}: 'void java.lang.invoke.DirectMethodHandle$Holder.invokeSpecial(java.lang.Object, java.lang.Object, java.lang.Object, java.lang.Object, java.lang.Object, java.lang.Object, java.lang.Object)'> (0x00000000ec665370) 
thrown [t:\workspace\open\src\hotspot\share\interpreter\linkResolver.cpp, line 790]
Event: 106.734 Thread 0x0000014e7a386b60 Exception <a 'java/lang/NoSuchMethodError'{0x00000000ec66de80}: 'java.lang.Object java.lang.invoke.DirectMethodHandle$Holder.newInvokeSpecial(java.lang.Object, java.lang.Object, java.lang.Object, java.lang.Object, java.lang.Object, java.lang.Object)'> (0x00000000ec66de80) 
thrown [t:\workspace\open\src\hotspot\share\interpreter\linkResolver.cpp, line 790]
Event: 106.982 Thread 0x0000014e7a386b60 Exception <a 'java/lang/NoSuchMethodError'{0x00000000ec4b7588}: 'java.lang.Object java.lang.invoke.Invokers$Holder.invoker(java.lang.Object, java.lang.Object, java.lang.Object)'> (0x00000000ec4b7588) 
thrown [t:\workspace\open\src\hotspot\share\interpreter\linkResolver.cpp, line 790]
Event: 107.829 Thread 0x0000014e7a386b60 Exception <a 'java/lang/NoSuchMethodError'{0x00000000ebeaa828}: 'void java.lang.invoke.DirectMethodHandle$Holder.invokeStaticInit(java.lang.Object, java.lang.Object)'> (0x00000000ebeaa828) 
thrown [t:\workspace\open\src\hotspot\share\interpreter\linkResolver.cpp, line 790]
Event: 122.481 Thread 0x0000014e7a386b60 Exception <a 'java/lang/NoSuchMethodError'{0x00000000eb1568b8}: 'java.lang.Object java.lang.invoke.DirectMethodHandle$Holder.invokeSpecialIFC(java.lang.Object, java.lang.Object, java.lang.Object, java.lang.Object)'> (0x00000000eb1568b8) 
thrown [t:\workspace\open\src\hotspot\share\interpreter\linkResolver.cpp, line 790]
Event: 122.487 Thread 0x0000014e7a386b60 Exception <a 'java/lang/NoSuchMethodError'{0x00000000eb1d3130}: 'java.lang.Object java.lang.invoke.DirectMethodHandle$Holder.invokeSpecial(java.lang.Object, java.lang.Object, java.lang.Object, java.lang.Object, java.lang.Object, java.lang.Object, java.lang.Object, java.lang.Object, java.lang.Object, java.lang.Object, java.lang.Object, java.lang.Object, java.lang.Object)'> (0x00000000eb1d3130) 
thrown [t:\workspace\open\src\hotspot\share\interpreter\linkResolver.cpp, line 790]
Event: 122.488 Thread 0x0000014e7a386b60 Exception <a 'java/lang/NoSuchMethodError'{0x00000000eb1e65c0}: 'java.lang.Object java.lang.invoke.DirectMethodHandle$Holder.newInvokeSpecial(java.lang.Object, java.lang.Object, java.lang.Object, java.lang.Object, java.lang.Object, java.lang.Object, java.lang.Object, java.lang.Object, java.lang.Object, java.lang.Object, java.lang.Object)'> (0x00000000eb1e65c0) 
thrown [t:\workspace\open\src\hotspot\share\interpreter\linkResolver.cpp, line 790]
Event: 122.488 Thread 0x0000014e7a386b60 Exception <a 'java/lang/NoSuchMethodError'{0x00000000eb1ec300}: 'java.lang.Object java.lang.invoke.DirectMethodHandle$Holder.invokeSpecial(java.lang.Object, java.lang.Object, java.lang.Object, java.lang.Object, java.lang.Object, java.lang.Object, java.lang.Object, java.lang.Object, java.lang.Object, java.lang.Object, java.lang.Object, java.lang.Object)'> (0x00000000eb1ec300) 
thrown [t:\workspace\open\src\hotspot\share\interpreter\linkResolver.cpp, line 790]
Event: 122.488 Thread 0x0000014e7a386b60 Exception <a 'java/lang/NoSuchMethodError'{0x00000000eb1f18f0}: 'java.lang.Object java.lang.invoke.Invokers$Holder.linkToTargetMethod(java.lang.Object, java.lang.Object, java.lang.Object, java.lang.Object, java.lang.Object, java.lang.Object, java.lang.Object, java.lang.Object, java.lang.Object, java.lang.Object, java.lang.Object)'> (0x00000000eb1f18f0) 
thrown [t:\workspace\open\src\hotspot\share\interpreter\linkResolver.cpp, line 790]
Event: 122.582 Thread 0x0000014e7a386b60 Exception <a 'java/lang/NoSuchMethodError'{0x00000000eb080440}: 'java.lang.Object java.lang.invoke.DirectMethodHandle$Holder.invokeSpecial(java.lang.Object, java.lang.Object, java.lang.Object, java.lang.Object, java.lang.Object, java.lang.Object, java.lang.Object, java.lang.Object, java.lang.Object, java.lang.Object, java.lang.Object, java.lang.Object, java.lang.Object, java.lang.Object)'> (0x00000000eb080440) 
thrown [t:\workspace\open\src\hotspot\share\interpreter\linkResolver.cpp, line 790]
Event: 122.583 Thread 0x0000014e7a386b60 Exception <a 'java/lang/NoSuchMethodError'{0x00000000eb094898}: 'java.lang.Object java.lang.invoke.DirectMethodHandle$Holder.newInvokeSpecial(java.lang.Object, java.lang.Object, java.lang.Object, java.lang.Object, java.lang.Object, java.lang.Object, java.lang.Object, java.lang.Object, java.lang.Object, java.lang.Object, java.lang.Object, java.lang.Object)'> (0x00000000eb094898) 
thrown [t:\workspace\open\src\hotspot\share\interpreter\linkResolver.cpp, line 790]
Event: 122.583 Thread 0x0000014e7a386b60 Exception <a 'java/lang/NoSuchMethodError'{0x00000000eb09a098}: 'java.lang.Object java.lang.invoke.Invokers$Holder.linkToTargetMethod(java.lang.Object, java.lang.Object, java.lang.Object, java.lang.Object, java.lang.Object, java.lang.Object, java.lang.Object, java.lang.Object, java.lang.Object, java.lang.Object, java.lang.Object, java.lang.Object)'> (0x00000000eb09a098) 
thrown [t:\workspace\open\src\hotspot\share\interpreter\linkResolver.cpp, line 790]
Event: 122.604 Thread 0x0000014e7a386b60 Exception <a 'java/lang/NoSuchMethodError'{0x00000000eb0f0968}: 'java.lang.Object java.lang.invoke.DirectMethodHandle$Holder.invokeStaticInit(java.lang.Object, java.lang.Object, java.lang.Object, java.lang.Object)'> (0x00000000eb0f0968) 
thrown [t:\workspace\open\src\hotspot\share\interpreter\linkResolver.cpp, line 790]
Event: 123.042 Thread 0x0000014e7a386b60 Implicit null exception at 0x0000014e6d646cec to 0x0000014e6d646ee4

Events (20 events):
Event: 124.660 loading class java/lang/Process
Event: 124.660 loading class java/lang/Process done
Event: 124.670 loading class java/lang/reflect/MalformedParameterizedTypeException
Event: 124.670 loading class java/lang/reflect/MalformedParameterizedTypeException done
Event: 124.685 loading class java/security/AccessControlException
Event: 124.711 loading class java/security/AccessControlException done
Event: 124.711 Executing  VM operation: HandshakeAllThreads
Event: 124.711 Executing  VM operation: HandshakeAllThreads done
Event: 124.721 loading class java/lang/ClassFormatError
Event: 124.722 loading class java/lang/ClassFormatError done
Event: 124.725 loading class java/lang/ProcessHandle$Info
Event: 124.725 loading class java/lang/ProcessHandle$Info done
Event: 124.725 loading class java/lang/ProcessHandle
Event: 124.725 loading class java/lang/ProcessHandle done
Event: 124.726 loading class java/util/concurrent/CompletableFuture
Event: 124.784 loading class java/util/concurrent/CompletionStage
Event: 124.785 loading class java/util/concurrent/CompletionStage done
Event: 124.785 loading class java/util/concurrent/CompletableFuture done
Event: 124.786 loading class java/io/UnsupportedEncodingException
Event: 124.786 loading class java/io/UnsupportedEncodingException done


Dynamic libraries:
0x00007ff79bd90000 - 0x00007ff79bda0000 	C:\Program Files\Java\jdk-16.0.1\bin\java.exe
0x00007ffacd9a0000 - 0x00007ffacdbaf000 	C:\WINDOWS\SYSTEM32\ntdll.dll
0x00007ffacc020000 - 0x00007ffacc0dd000 	C:\WINDOWS\System32\KERNEL32.DLL
0x00007ffacb490000 - 0x00007ffacb81c000 	C:\WINDOWS\System32\KERNELBASE.dll
0x00007ffac7c20000 - 0x00007ffac7cb2000 	C:\WINDOWS\SYSTEM32\apphelp.dll
0x00007ffacae70000 - 0x00007ffacaf81000 	C:\WINDOWS\System32\ucrtbase.dll
0x00007ffabae70000 - 0x00007ffabae88000 	C:\Program Files\Java\jdk-16.0.1\bin\jli.dll
0x00007ffac7db0000 - 0x00007ffac7dc9000 	C:\Program Files\Java\jdk-16.0.1\bin\VCRUNTIME140.dll
0x00007ffacd1f0000 - 0x00007ffacd29e000 	C:\WINDOWS\System32\ADVAPI32.dll
0x00007ffacceb0000 - 0x00007ffaccf54000 	C:\WINDOWS\System32\msvcrt.dll
0x00007ffacd620000 - 0x00007ffacd6c1000 	C:\WINDOWS\System32\sechost.dll
0x00007ffaccc60000 - 0x00007ffaccd7f000 	C:\WINDOWS\System32\RPCRT4.dll
0x00007ffacd000000 - 0x00007ffacd1a6000 	C:\WINDOWS\System32\USER32.dll
0x00007ffacb080000 - 0x00007ffacb0a6000 	C:\WINDOWS\System32\win32u.dll
0x00007ffacd1b0000 - 0x00007ffacd1d9000 	C:\WINDOWS\System32\GDI32.dll
0x00007ffab0170000 - 0x00007ffab0411000 	C:\WINDOWS\WinSxS\amd64_microsoft.windows.common-controls_6595b64144ccf1df_6.0.22489.1000_none_26b04fb444140a2e\COMCTL32.dll
0x00007ffacb0b0000 - 0x00007ffacb1c7000 	C:\WINDOWS\System32\gdi32full.dll
0x00007ffacb330000 - 0x00007ffacb3ca000 	C:\WINDOWS\System32\msvcp_win.dll
0x00007ffac4110000 - 0x00007ffac411a000 	C:\WINDOWS\SYSTEM32\VERSION.dll
0x00007ffaccfc0000 - 0x00007ffaccff1000 	C:\WINDOWS\System32\IMM32.DLL
0x00007ffabae40000 - 0x00007ffabae4c000 	C:\Program Files\Java\jdk-16.0.1\bin\vcruntime140_1.dll
0x00007ffa9f750000 - 0x00007ffa9f7e1000 	C:\Program Files\Java\jdk-16.0.1\bin\msvcp140.dll
0x00007ffa71ce0000 - 0x00007ffa7288b000 	C:\Program Files\Java\jdk-16.0.1\bin\server\jvm.dll
0x00007ffacc260000 - 0x00007ffacc268000 	C:\WINDOWS\System32\PSAPI.DLL
0x00007ffab0fc0000 - 0x00007ffab0fc9000 	C:\WINDOWS\SYSTEM32\WSOCK32.dll
0x00007ffac4740000 - 0x00007ffac4774000 	C:\WINDOWS\SYSTEM32\WINMM.dll
0x00007ffacd880000 - 0x00007ffacd8f1000 	C:\WINDOWS\System32\WS2_32.dll
0x00007ffac9f10000 - 0x00007ffac9f28000 	C:\WINDOWS\SYSTEM32\kernel.appcore.dll
0x00007ffab2a10000 - 0x00007ffab2a1a000 	C:\Program Files\Java\jdk-16.0.1\bin\jimage.dll
0x00007ffabe550000 - 0x00007ffabe776000 	C:\WINDOWS\SYSTEM32\DBGHELP.DLL
0x00007ffacd2a0000 - 0x00007ffacd61b000 	C:\WINDOWS\System32\combase.dll
0x00007ffabe9a0000 - 0x00007ffabe9d1000 	C:\WINDOWS\SYSTEM32\dbgcore.DLL
0x00007ffacaff0000 - 0x00007ffacb071000 	C:\WINDOWS\System32\bcryptPrimitives.dll
0x00007ffaa36d0000 - 0x00007ffaa36f5000 	C:\Program Files\Java\jdk-16.0.1\bin\java.dll
0x00007ffacc3b0000 - 0x00007ffaccb5d000 	C:\WINDOWS\System32\SHELL32.dll
0x00007ffac8eb0000 - 0x00007ffac9708000 	C:\WINDOWS\SYSTEM32\windows.storage.dll
0x00007ffac8d60000 - 0x00007ffac8ea9000 	C:\WINDOWS\SYSTEM32\wintypes.dll
0x00007ffacb820000 - 0x00007ffacb910000 	C:\WINDOWS\System32\SHCORE.dll
0x00007ffacc200000 - 0x00007ffacc25b000 	C:\WINDOWS\System32\shlwapi.dll
0x00007ffacada0000 - 0x00007ffacadc1000 	C:\WINDOWS\SYSTEM32\profapi.dll
0x00007ffab29f0000 - 0x00007ffab2a09000 	C:\Program Files\Java\jdk-16.0.1\bin\net.dll
0x00007ffac3bc0000 - 0x00007ffac3cd1000 	C:\WINDOWS\SYSTEM32\WINHTTP.dll
0x00007ffaca340000 - 0x00007ffaca3a9000 	C:\WINDOWS\system32\mswsock.dll
0x00007ffaad7f0000 - 0x00007ffaad803000 	C:\Program Files\Java\jdk-16.0.1\bin\nio.dll
0x00007ffaa7320000 - 0x00007ffaa7338000 	C:\Program Files\Java\jdk-16.0.1\bin\zip.dll
0x00007ffac3540000 - 0x00007ffac3550000 	C:\Program Files\Java\jdk-16.0.1\bin\verify.dll
0x00007ffaa1ca0000 - 0x00007ffaa1cc7000 	C:\Users\60mts\.gradle\native\49d0259a56938c7f99b2704e745ce422c4f750a7a20b539a32ccef96729676b1\windows-amd64\native-platform.dll
0x00007ffa86830000 - 0x00007ffa869c1000 	C:\Users\60mts\.gradle\native\12488b8bf47d2d4c9fbf2f6322a914ad602e24e48041cd04a747c6da556b65c4\windows-amd64\native-platform-file-events.dll
0x00007ffab1070000 - 0x00007ffab1079000 	C:\Program Files\Java\jdk-16.0.1\bin\management.dll
0x00007ffab0fd0000 - 0x00007ffab0fdb000 	C:\Program Files\Java\jdk-16.0.1\bin\management_ext.dll
0x00007ffaca650000 - 0x00007ffaca668000 	C:\WINDOWS\SYSTEM32\CRYPTSP.dll
0x00007ffac9e70000 - 0x00007ffac9ea5000 	C:\WINDOWS\system32\rsaenh.dll
0x00007ffaca3e0000 - 0x00007ffaca409000 	C:\WINDOWS\SYSTEM32\USERENV.dll
0x00007ffaca6d0000 - 0x00007ffaca6f8000 	C:\WINDOWS\SYSTEM32\bcrypt.dll
0x00007ffaca530000 - 0x00007ffaca53c000 	C:\WINDOWS\SYSTEM32\CRYPTBASE.dll
0x00007ffac9950000 - 0x00007ffac997d000 	C:\WINDOWS\SYSTEM32\IPHLPAPI.DLL
0x00007ffaccc50000 - 0x00007ffaccc59000 	C:\WINDOWS\System32\NSI.dll
0x00007ffac3850000 - 0x00007ffac3869000 	C:\WINDOWS\SYSTEM32\dhcpcsvc6.DLL
0x00007ffac3830000 - 0x00007ffac384e000 	C:\WINDOWS\SYSTEM32\dhcpcsvc.DLL
0x00007ffac9980000 - 0x00007ffac9a77000 	C:\WINDOWS\SYSTEM32\DNSAPI.dll
0x00007ffaae970000 - 0x00007ffaae97e000 	C:\Program Files\Java\jdk-16.0.1\bin\sunmscapi.dll
0x00007ffacb1d0000 - 0x00007ffacb32b000 	C:\WINDOWS\System32\CRYPT32.dll
0x00007ffaca670000 - 0x00007ffaca699000 	C:\WINDOWS\SYSTEM32\ncrypt.dll
0x00007ffaca610000 - 0x00007ffaca647000 	C:\WINDOWS\SYSTEM32\NTASN1.dll
0x00007ffaae6f0000 - 0x00007ffaae6f8000 	C:\WINDOWS\system32\wshunix.dll

dbghelp: loaded successfully - version: 4.0.5 - missing functions: none
symbol engine: initialized successfully - sym options: 0x614 - pdb path: .;C:\Program Files\Java\jdk-16.0.1\bin;C:\WINDOWS\SYSTEM32;C:\WINDOWS\WinSxS\amd64_microsoft.windows.common-controls_6595b64144ccf1df_6.0.22489.1000_none_26b04fb444140a2e;C:\Program Files\Java\jdk-16.0.1\bin\server;C:\Users\60mts\.gradle\native\49d0259a56938c7f99b2704e745ce422c4f750a7a20b539a32ccef96729676b1\windows-amd64;C:\Users\60mts\.gradle\native\12488b8bf47d2d4c9fbf2f6322a914ad602e24e48041cd04a747c6da556b65c4\windows-amd64

VM Arguments:
jvm_args: --add-opens=java.base/java.util=ALL-UNNAMED --add-opens=java.base/java.lang=ALL-UNNAMED --add-opens=java.base/java.lang.invoke=ALL-UNNAMED --add-opens=java.prefs/java.util.prefs=ALL-UNNAMED -XX:MaxMetaspaceSize=256m -XX:+HeapDumpOnOutOfMemoryError -Xms256m -Xmx512m -Dfile.encoding=windows-1254 -Duser.country=TR -Duser.language=tr -Duser.variant 
java_command: org.gradle.launcher.daemon.bootstrap.GradleDaemon 6.9
java_class_path (initial): C:\Users\60mts\.gradle\wrapper\dists\gradle-6.9-all\dooywd8nv05k16orzxge2b1bs\gradle-6.9\lib\gradle-launcher-6.9.jar
Launcher Type: SUN_STANDARD

[Global flags]
     intx CICompilerCount                          = 4                                         {product} {ergonomic}
   size_t CompressedClassSpaceSize                 = 218103808                                 {product} {ergonomic}
     uint ConcGCThreads                            = 3                                         {product} {ergonomic}
     uint G1ConcRefinementThreads                  = 10                                        {product} {ergonomic}
   size_t G1HeapRegionSize                         = 1048576                                   {product} {ergonomic}
    uintx GCDrainStackTargetSize                   = 64                                        {product} {ergonomic}
     bool HeapDumpOnOutOfMemoryError               = true                                   {manageable} {command line}
   size_t InitialHeapSize                          = 268435456                                 {product} {command line}
   size_t MarkStackSize                            = 4194304                                   {product} {ergonomic}
   size_t MaxHeapSize                              = 536870912                                 {product} {command line}
   size_t MaxMetaspaceSize                         = 268435456                                 {product} {command line}
   size_t MaxNewSize                               = 321912832                                 {product} {ergonomic}
   size_t MinHeapDeltaBytes                        = 1048576                                   {product} {ergonomic}
   size_t MinHeapSize                              = 268435456                                 {product} {command line}
    uintx NonNMethodCodeHeapSize                   = 5839372                                {pd product} {ergonomic}
    uintx NonProfiledCodeHeapSize                  = 122909434                              {pd product} {ergonomic}
    uintx ProfiledCodeHeapSize                     = 122909434                              {pd product} {ergonomic}
    uintx ReservedCodeCacheSize                    = 251658240                              {pd product} {ergonomic}
     bool SegmentedCodeCache                       = true                                      {product} {ergonomic}
   size_t SoftMaxHeapSize                          = 536870912                              {manageable} {ergonomic}
     bool UseCompressedClassPointers               = true                           {product lp64_product} {ergonomic}
     bool UseCompressedOops                        = true                           {product lp64_product} {ergonomic}
     bool UseG1GC                                  = true                                      {product} {ergonomic}
     bool UseLargePagesIndividualAllocation        = false                                  {pd product} {ergonomic}

Logging:
Log output configuration:
 #0: stdout all=warning uptime,level,tags
 #1: stderr all=off uptime,level,tags

Environment Variables:
JAVA_HOME=C:\Program Files\Java\jdk-16.0.1
CLASSPATH=C:\Users\60mts\ornekproje\android\\gradle\wrapper\gradle-wrapper.jar
PATH=C:\Users\60mts\ornekproje\android\node_modules\.bin;C:\Users\60mts\ornekproje\node_modules\.bin;C:\Users\60mts\node_modules\.bin;C:\Users\node_modules\.bin;C:\node_modules\.bin;C:\Program Files\nodejs;C:\Program Files\Common Files\Oracle\Java\javapath;C:\Program Files\Microsoft\jdk-11.0.12.7-hotspot\bin;C:\Program Files (x86)\Common Files\Oracle\Java\javapath;C:\Program Files\Microsoft MPI\Bin\;C:\Program Files (x86)\Common Files\Intel\Shared Libraries\redist\intel64\compiler;C:\WINDOWS\system32;C:\WINDOWS;C:\WINDOWS\System32\Wbem;C:\WINDOWS\System32\WindowsPowerShell\v1.0\;C:\WINDOWS\System32\OpenSSH\;C:\Program Files\dotnet\;C:\Program Files\Microsoft SQL Server\Client SDK\ODBC\170\Tools\Binn\;C:\Program Files (x86)\Microsoft SQL Server\150\Tools\Binn\;C:\Program Files\Microsoft SQL Server\150\Tools\Binn\;C:\Program Files\Microsoft SQL Server\150\DTS\Binn\;C:\Program Files (x86)\dotnet\;C:\Program Files (x86)\Android\android-sdk\platform-tools;C:\Program Files (x86)\Android\android-sdk\platforms;C:\Program Files (x86)\Microsoft Emulator Manager\1.0\;C:\Program Files\nodejs\;C:\Program Files\Azure Data Studio\bin;C:\Program Files\Microsoft SQL Server\130\Tools\Binn\;C:\Program Files (x86)\Microsoft SQL Server\150\DTS\Binn\;C:\Program Files\Git\cmd;C:\Program Files (x86)\NVIDIA Corporation\PhysX\Common;C:\Program Files\NVIDIA Corporation\NVIDIA NvDLISR;C:\WINDOWS\system32;C:\WINDOWS;C:\WINDOWS\System32\Wbem;C:\WINDOWS\System32\WindowsPowerShell\v1.0\;C:\WINDOWS\System32\OpenSSH\;C:\Users\60mts\AppData\Local\Microsoft\WindowsApps;C:\Users\60mts\.dotnet\tools;C:\Users\60mts\AppData\Local\Programs\Microsoft VS Code\bin;C:\Users\60mts\AppData\Local\GitHubDesktop\bin;C:\Windows\System32;C:\flutter\bin;C:\Program Files\Git\cmd;C:\Users\60mts\AppData\Roaming\npm;C:\Program Files\Azure Data Studio\bin;C:\Users\60mts\AppData\Local\Android\Sdk;C:\Users\60mts\AppData\Local\Android\Sdk\tools;C:\Users\60mts\AppData\Local\Android\Sdk\platform-tools;C:\Users\60mts\.android\;C:\U
USERNAME=60mts
LANG=tr_TR.UTF-8
OS=Windows_NT
PROCESSOR_IDENTIFIER=Intel64 Family 6 Model 158 Stepping 10, GenuineIntel



---------------  S Y S T E M  ---------------

OS:
 Windows 10 , 64 bit Build 22489 (10.0.22489.1000)
OS uptime: 1 days 14:07 hours
Hyper-V role detected

CPU: total 12 (initial active 12) (6 cores per cpu, 2 threads per core) family 6 model 158 stepping 10 microcode 0xde, cx8, cmov, fxsr, ht, mmx, 3dnowpref, sse, sse2, sse3, ssse3, sse4.1, sse4.2, popcnt, lzcnt, tsc, tscinvbit, avx, avx2, aes, erms, clmul, bmi1, bmi2, adx, fma, vzeroupper, clflush, clflushopt, hv

Memory: 4k page, system-wide physical 16221M (1359M free)
TotalPageFile size 16221M (AvailPageFile size 5M)
current process WorkingSet (physical memory assigned to process): 220M, peak: 220M
current process commit charge ("private bytes"): 411M, peak: 414M

vm_info: Java HotSpot(TM) 64-Bit Server VM (16.0.1+9-24) for windows-amd64 JRE (16.0.1+9-24), built on Mar 26 2021 19:31:42 by "mach5one" with MS VC++ 16.7 (VS2019)

END.
